# JRE version: OpenJDK Runtime Environment (8.0_242-b01) (build 1.8.0_242-release-1644-b01)
# Java VM: OpenJDK 64-Bit Server VM (25.242-b01 mixed mode windows-amd64 compressed oops)
Heap:
 PSYoungGen      total 444928K, used 11908K [0x00000000d5580000, 0x00000000f2700000, 0x0000000100000000)
  eden space 413184K, 2% used [0x00000000d5580000,0x00000000d61212e8,0x00000000ee900000)
  from space 31744K, 0% used [0x00000000ee900000,0x00000000ee900000,0x00000000f0800000)
  to   space 19456K, 0% used [0x00000000f1400000,0x00000000f1400000,0x00000000f2700000)
 ParOldGen       total 179712K, used 61351K [0x0000000080000000, 0x000000008af80000, 0x00000000d5580000)
  object space 179712K, 34% used [0x0000000080000000,0x0000000083be9ce8,0x000000008af80000)
 Metaspace       used 94060K, capacity 98430K, committed 98856K, reserved 1134592K
  class space    used 12054K, capacity 12860K, committed 12968K, reserved 1048576K
GC Heap History (10 events):
Event: 19.448 GC heap before
{Heap before GC invocations=15 (full 3):
 PSYoungGen      total 326656K, used 326652K [0x00000000d5580000, 0x00000000ef480000, 0x0000000100000000)
  eden space 302592K, 100% used [0x00000000d5580000,0x00000000e7d00000,0x00000000e7d00000)
  from space 24064K, 99% used [0x00000000e7d00000,0x00000000e947f3b0,0x00000000e9480000)
  to   space 28160K, 0% used [0x00000000ed900000,0x00000000ed900000,0x00000000ef480000)
 ParOldGen       total 118784K, used 35749K [0x0000000080000000, 0x0000000087400000, 0x00000000d5580000)
  object space 118784K, 30% used [0x0000000080000000,0x00000000822e9678,0x0000000087400000)
 Metaspace       used 75614K, capacity 78700K, committed 78888K, reserved 1118208K
  class space    used 10122K, capacity 10709K, committed 10792K, reserved 1048576K
Event: 19.465 GC heap after
Heap after GC invocations=15 (full 3):
 PSYoungGen      total 386560K, used 6416K [0x00000000d5580000, 0x00000000eef00000, 0x0000000100000000)
  eden space 364032K, 0% used [0x00000000d5580000,0x00000000d5580000,0x00000000eb900000)
  from space 22528K, 28% used [0x00000000ed900000,0x00000000edf44078,0x00000000eef00000)
  to   space 27648K, 0% used [0x00000000eb900000,0x00000000eb900000,0x00000000ed400000)
 ParOldGen       total 118784K, used 49859K [0x0000000080000000, 0x0000000087400000, 0x00000000d5580000)
  object space 118784K, 41% used [0x0000000080000000,0x00000000830b0e78,0x0000000087400000)
 Metaspace       used 75614K, capacity 78700K, committed 78888K, reserved 1118208K
  class space    used 10122K, capacity 10709K, committed 10792K, reserved 1048576K
}
Event: 166.849 GC heap before
{Heap before GC invocations=16 (full 3):
 PSYoungGen      total 386560K, used 370448K [0x00000000d5580000, 0x00000000eef00000, 0x0000000100000000)
  eden space 364032K, 100% used [0x00000000d5580000,0x00000000eb900000,0x00000000eb900000)
  from space 22528K, 28% used [0x00000000ed900000,0x00000000edf44078,0x00000000eef00000)
  to   space 27648K, 0% used [0x00000000eb900000,0x00000000eb900000,0x00000000ed400000)
 ParOldGen       total 118784K, used 49859K [0x0000000080000000, 0x0000000087400000, 0x00000000d5580000)
  object space 118784K, 41% used [0x0000000080000000,0x00000000830b0e78,0x0000000087400000)
 Metaspace       used 86295K, capacity 90214K, committed 90408K, reserved 1128448K
  class space    used 11199K, capacity 11960K, committed 12072K, reserved 1048576K
Event: 166.887 GC heap after
Heap after GC invocations=16 (full 3):
 PSYoungGen      total 391680K, used 27642K [0x00000000d5580000, 0x00000000f3380000, 0x0000000100000000)
  eden space 364032K, 0% used [0x00000000d5580000,0x00000000d5580000,0x00000000eb900000)
  from space 27648K, 99% used [0x00000000eb900000,0x00000000ed3fea88,0x00000000ed400000)
  to   space 32256K, 0% used [0x00000000f1400000,0x00000000f1400000,0x00000000f3380000)
 ParOldGen       total 118784K, used 50951K [0x0000000080000000, 0x0000000087400000, 0x00000000d5580000)
  object space 118784K, 42% used [0x0000000080000000,0x00000000831c1f40,0x0000000087400000)
 Metaspace       used 86295K, capacity 90214K, committed 90408K, reserved 1128448K
  class space    used 11199K, capacity 11960K, committed 12072K, reserved 1048576K
}
Event: 1915.957 GC heap before
{Heap before GC invocations=17 (full 3):
 PSYoungGen      total 391680K, used 391674K [0x00000000d5580000, 0x00000000f3380000, 0x0000000100000000)
  eden space 364032K, 100% used [0x00000000d5580000,0x00000000eb900000,0x00000000eb900000)
  from space 27648K, 99% used [0x00000000eb900000,0x00000000ed3fea88,0x00000000ed400000)
  to   space 32256K, 0% used [0x00000000f1400000,0x00000000f1400000,0x00000000f3380000)
 ParOldGen       total 118784K, used 50951K [0x0000000080000000, 0x0000000087400000, 0x00000000d5580000)
  object space 118784K, 42% used [0x0000000080000000,0x00000000831c1f40,0x0000000087400000)
 Metaspace       used 87529K, capacity 91770K, committed 92072K, reserved 1128448K
  class space    used 11293K, capacity 12100K, committed 12200K, reserved 1048576K
Event: 1915.978 GC heap after
Heap after GC invocations=17 (full 3):
 PSYoungGen      total 432640K, used 6131K [0x00000000d5580000, 0x00000000f2700000, 0x0000000100000000)
  eden space 413184K, 0% used [0x00000000d5580000,0x00000000d5580000,0x00000000ee900000)
  from space 19456K, 31% used [0x00000000f1400000,0x00000000f19fcdf0,0x00000000f2700000)
  to   space 31744K, 0% used [0x00000000ee900000,0x00000000ee900000,0x00000000f0800000)
 ParOldGen       total 118784K, used 63836K [0x0000000080000000, 0x0000000087400000, 0x00000000d5580000)
  object space 118784K, 53% used [0x0000000080000000,0x0000000083e57070,0x0000000087400000)
 Metaspace       used 87529K, capacity 91770K, committed 92072K, reserved 1128448K
  class space    used 11293K, capacity 12100K, committed 12200K, reserved 1048576K
}
Event: 1916.844 GC heap before
{Heap before GC invocations=18 (full 3):
 PSYoungGen      total 432640K, used 94429K [0x00000000d5580000, 0x00000000f2700000, 0x0000000100000000)
  eden space 413184K, 21% used [0x00000000d5580000,0x00000000dabba810,0x00000000ee900000)
  from space 19456K, 31% used [0x00000000f1400000,0x00000000f19fcdf0,0x00000000f2700000)
  to   space 31744K, 0% used [0x00000000ee900000,0x00000000ee900000,0x00000000f0800000)
 ParOldGen       total 118784K, used 63836K [0x0000000080000000, 0x0000000087400000, 0x00000000d5580000)
  object space 118784K, 53% used [0x0000000080000000,0x0000000083e57070,0x0000000087400000)
 Metaspace       used 93884K, capacity 98436K, committed 98600K, reserved 1134592K
  class space    used 12061K, capacity 12923K, committed 12968K, reserved 1048576K
Event: 1916.871 GC heap after
Heap after GC invocations=18 (full 3):
 PSYoungGen      total 444928K, used 15694K [0x00000000d5580000, 0x00000000f2700000, 0x0000000100000000)
  eden space 413184K, 0% used [0x00000000d5580000,0x00000000d5580000,0x00000000ee900000)
  from space 31744K, 49% used [0x00000000ee900000,0x00000000ef853888,0x00000000f0800000)
  to   space 19456K, 0% used [0x00000000f1400000,0x00000000f1400000,0x00000000f2700000)
 ParOldGen       total 118784K, used 63844K [0x0000000080000000, 0x0000000087400000, 0x00000000d5580000)
  object space 118784K, 53% used [0x0000000080000000,0x0000000083e59070,0x0000000087400000)
 Metaspace       used 93884K, capacity 98436K, committed 98600K, reserved 1134592K
  class space    used 12061K, capacity 12923K, committed 12968K, reserved 1048576K
}
Event: 1916.871 GC heap before
{Heap before GC invocations=19 (full 4):
 PSYoungGen      total 444928K, used 15694K [0x00000000d5580000, 0x00000000f2700000, 0x0000000100000000)
  eden space 413184K, 0% used [0x00000000d5580000,0x00000000d5580000,0x00000000ee900000)
  from space 31744K, 49% used [0x00000000ee900000,0x00000000ef853888,0x00000000f0800000)
  to   space 19456K, 0% used [0x00000000f1400000,0x00000000f1400000,0x00000000f2700000)
 ParOldGen       total 118784K, used 63844K [0x0000000080000000, 0x0000000087400000, 0x00000000d5580000)
  object space 118784K, 53% used [0x0000000080000000,0x0000000083e59070,0x0000000087400000)
 Metaspace       used 93884K, capacity 98436K, committed 98600K, reserved 1134592K
  class space    used 12061K, capacity 12923K, committed 12968K, reserved 1048576K
Event: 1917.196 GC heap after
Heap after GC invocations=19 (full 4):
 PSYoungGen      total 444928K, used 0K [0x00000000d5580000, 0x00000000f2700000, 0x0000000100000000)
  eden space 413184K, 0% used [0x00000000d5580000,0x00000000d5580000,0x00000000ee900000)
  from space 31744K, 0% used [0x00000000ee900000,0x00000000ee900000,0x00000000f0800000)
  to   space 19456K, 0% used [0x00000000f1400000,0x00000000f1400000,0x00000000f2700000)
 ParOldGen       total 179712K, used 61351K [0x0000000080000000, 0x000000008af80000, 0x00000000d5580000)
  object space 179712K, 34% used [0x0000000080000000,0x0000000083be9ce8,0x000000008af80000)
 Metaspace       used 93745K, capacity 98072K, committed 98600K, reserved 1134592K
  class space    used 12017K, capacity 12827K, committed 12968K, reserved 1048576K
}

