# JRE version: OpenJDK Runtime Environment (8.0_242-b01) (build 1.8.0_242-release-1644-b01)
# Java VM: OpenJDK 64-Bit Server VM (25.242-b01 mixed mode windows-amd64 compressed oops)
Heap:
 PSYoungGen      total 634880K, used 139683K [0x00000000d5580000, 0x0000000100000000, 0x0000000100000000)
  eden space 586240K, 15% used [0x00000000d5580000,0x00000000dae6fc38,0x00000000f9200000)
  from space 48640K, 99% used [0x00000000fd080000,0x00000000ffff90d8,0x0000000100000000)
  to   space 56320K, 0% used [0x00000000f9200000,0x00000000f9200000,0x00000000fc900000)
 ParOldGen       total 184832K, used 65569K [0x0000000080000000, 0x000000008b480000, 0x00000000d5580000)
  object space 184832K, 35% used [0x0000000080000000,0x0000000084008708,0x000000008b480000)
 Metaspace       used 119321K, capacity 126772K, committed 126872K, reserved 1159168K
  class space    used 15791K, capacity 17060K, committed 17072K, reserved 1048576K
GC Heap History (10 events):
Event: 101.701 GC heap before
{Heap before GC invocations=18 (full 4):
 PSYoungGen      total 421888K, used 370176K [0x00000000d5580000, 0x00000000f7a80000, 0x0000000100000000)
  eden space 370176K, 100% used [0x00000000d5580000,0x00000000ebf00000,0x00000000ebf00000)
  from space 51712K, 0% used [0x00000000ebf00000,0x00000000ebf00000,0x00000000ef180000)
  to   space 49664K, 0% used [0x00000000f4a00000,0x00000000f4a00000,0x00000000f7a80000)
 ParOldGen       total 184832K, used 64714K [0x0000000080000000, 0x000000008b480000, 0x00000000d5580000)
  object space 184832K, 35% used [0x0000000080000000,0x0000000083f32bc8,0x000000008b480000)
 Metaspace       used 88308K, capacity 92614K, committed 93208K, reserved 1130496K
  class space    used 11655K, capacity 12450K, committed 12592K, reserved 1048576K
Event: 101.726 GC heap after
Heap after GC invocations=18 (full 4):
 PSYoungGen      total 510464K, used 33428K [0x00000000d5580000, 0x00000000f8400000, 0x0000000100000000)
  eden space 460800K, 0% used [0x00000000d5580000,0x00000000d5580000,0x00000000f1780000)
  from space 49664K, 67% used [0x00000000f4a00000,0x00000000f6aa5090,0x00000000f7a80000)
  to   space 51712K, 0% used [0x00000000f1780000,0x00000000f1780000,0x00000000f4a00000)
 ParOldGen       total 184832K, used 64722K [0x0000000080000000, 0x000000008b480000, 0x00000000d5580000)
  object space 184832K, 35% used [0x0000000080000000,0x0000000083f34bc8,0x000000008b480000)
 Metaspace       used 88308K, capacity 92614K, committed 93208K, reserved 1130496K
  class space    used 11655K, capacity 12450K, committed 12592K, reserved 1048576K
}
Event: 226.942 GC heap before
{Heap before GC invocations=19 (full 4):
 PSYoungGen      total 510464K, used 494228K [0x00000000d5580000, 0x00000000f8400000, 0x0000000100000000)
  eden space 460800K, 100% used [0x00000000d5580000,0x00000000f1780000,0x00000000f1780000)
  from space 49664K, 67% used [0x00000000f4a00000,0x00000000f6aa5090,0x00000000f7a80000)
  to   space 51712K, 0% used [0x00000000f1780000,0x00000000f1780000,0x00000000f4a00000)
 ParOldGen       total 184832K, used 64722K [0x0000000080000000, 0x000000008b480000, 0x00000000d5580000)
  object space 184832K, 35% used [0x0000000080000000,0x0000000083f34bc8,0x000000008b480000)
 Metaspace       used 89432K, capacity 94146K, committed 94232K, reserved 1130496K
  class space    used 11728K, capacity 12580K, committed 12592K, reserved 1048576K
Event: 226.966 GC heap after
Heap after GC invocations=19 (full 4):
 PSYoungGen      total 512512K, used 34676K [0x00000000d5580000, 0x00000000fe580000, 0x0000000100000000)
  eden space 460800K, 0% used [0x00000000d5580000,0x00000000d5580000,0x00000000f1780000)
  from space 51712K, 67% used [0x00000000f1780000,0x00000000f395d140,0x00000000f4a00000)
  to   space 53760K, 0% used [0x00000000fb100000,0x00000000fb100000,0x00000000fe580000)
 ParOldGen       total 184832K, used 64730K [0x0000000080000000, 0x000000008b480000, 0x00000000d5580000)
  object space 184832K, 35% used [0x0000000080000000,0x0000000083f36bc8,0x000000008b480000)
 Metaspace       used 89432K, capacity 94146K, committed 94232K, reserved 1130496K
  class space    used 11728K, capacity 12580K, committed 12592K, reserved 1048576K
}
Event: 260.171 GC heap before
{Heap before GC invocations=20 (full 4):
 PSYoungGen      total 512512K, used 495476K [0x00000000d5580000, 0x00000000fe580000, 0x0000000100000000)
  eden space 460800K, 100% used [0x00000000d5580000,0x00000000f1780000,0x00000000f1780000)
  from space 51712K, 67% used [0x00000000f1780000,0x00000000f395d140,0x00000000f4a00000)
  to   space 53760K, 0% used [0x00000000fb100000,0x00000000fb100000,0x00000000fe580000)
 ParOldGen       total 184832K, used 64730K [0x0000000080000000, 0x000000008b480000, 0x00000000d5580000)
  object space 184832K, 35% used [0x0000000080000000,0x0000000083f36bc8,0x000000008b480000)
 Metaspace       used 89904K, capacity 94666K, committed 94744K, reserved 1132544K
  class space    used 11735K, capacity 12590K, committed 12592K, reserved 1048576K
Event: 260.192 GC heap after
Heap after GC invocations=20 (full 4):
 PSYoungGen      total 579072K, used 20537K [0x00000000d5580000, 0x00000000fd000000, 0x0000000100000000)
  eden space 547328K, 0% used [0x00000000d5580000,0x00000000d5580000,0x00000000f6c00000)
  from space 31744K, 64% used [0x00000000fb100000,0x00000000fc50e450,0x00000000fd000000)
  to   space 51200K, 0% used [0x00000000f6c00000,0x00000000f6c00000,0x00000000f9e00000)
 ParOldGen       total 184832K, used 64730K [0x0000000080000000, 0x000000008b480000, 0x00000000d5580000)
  object space 184832K, 35% used [0x0000000080000000,0x0000000083f36bc8,0x000000008b480000)
 Metaspace       used 89904K, capacity 94666K, committed 94744K, reserved 1132544K
  class space    used 11735K, capacity 12590K, committed 12592K, reserved 1048576K
}
Event: 405.226 GC heap before
{Heap before GC invocations=21 (full 4):
 PSYoungGen      total 579072K, used 567865K [0x00000000d5580000, 0x00000000fd000000, 0x0000000100000000)
  eden space 547328K, 100% used [0x00000000d5580000,0x00000000f6c00000,0x00000000f6c00000)
  from space 31744K, 64% used [0x00000000fb100000,0x00000000fc50e450,0x00000000fd000000)
  to   space 51200K, 0% used [0x00000000f6c00000,0x00000000f6c00000,0x00000000f9e00000)
 ParOldGen       total 184832K, used 64730K [0x0000000080000000, 0x000000008b480000, 0x00000000d5580000)
  object space 184832K, 35% used [0x0000000080000000,0x0000000083f36bc8,0x000000008b480000)
 Metaspace       used 93304K, capacity 99198K, committed 99352K, reserved 1134592K
  class space    used 12259K, capacity 13268K, committed 13360K, reserved 1048576K
Event: 405.251 GC heap after
Heap after GC invocations=21 (full 4):
 PSYoungGen      total 598528K, used 23700K [0x00000000d5580000, 0x0000000100000000, 0x0000000100000000)
  eden space 547328K, 0% used [0x00000000d5580000,0x00000000d5580000,0x00000000f6c00000)
  from space 51200K, 46% used [0x00000000f6c00000,0x00000000f8325070,0x00000000f9e00000)
  to   space 48640K, 0% used [0x00000000fd080000,0x00000000fd080000,0x0000000100000000)
 ParOldGen       total 184832K, used 64738K [0x0000000080000000, 0x000000008b480000, 0x00000000d5580000)
  object space 184832K, 35% used [0x0000000080000000,0x0000000083f38bc8,0x000000008b480000)
 Metaspace       used 93304K, capacity 99198K, committed 99352K, reserved 1134592K
  class space    used 12259K, capacity 13268K, committed 13360K, reserved 1048576K
}
Event: 553.606 GC heap before
{Heap before GC invocations=22 (full 4):
 PSYoungGen      total 598528K, used 571028K [0x00000000d5580000, 0x0000000100000000, 0x0000000100000000)
  eden space 547328K, 100% used [0x00000000d5580000,0x00000000f6c00000,0x00000000f6c00000)
  from space 51200K, 46% used [0x00000000f6c00000,0x00000000f8325070,0x00000000f9e00000)
  to   space 48640K, 0% used [0x00000000fd080000,0x00000000fd080000,0x0000000100000000)
 ParOldGen       total 184832K, used 64738K [0x0000000080000000, 0x000000008b480000, 0x00000000d5580000)
  object space 184832K, 35% used [0x0000000080000000,0x0000000083f38bc8,0x000000008b480000)
 Metaspace       used 116613K, capacity 123780K, committed 123928K, reserved 1157120K
  class space    used 15399K, capacity 16614K, committed 16688K, reserved 1048576K
Event: 553.684 GC heap after
Heap after GC invocations=22 (full 4):
 PSYoungGen      total 634880K, used 48612K [0x00000000d5580000, 0x0000000100000000, 0x0000000100000000)
  eden space 586240K, 0% used [0x00000000d5580000,0x00000000d5580000,0x00000000f9200000)
  from space 48640K, 99% used [0x00000000fd080000,0x00000000ffff90d8,0x0000000100000000)
  to   space 56320K, 0% used [0x00000000f9200000,0x00000000f9200000,0x00000000fc900000)
 ParOldGen       total 184832K, used 65569K [0x0000000080000000, 0x000000008b480000, 0x00000000d5580000)
  object space 184832K, 35% used [0x0000000080000000,0x0000000084008708,0x000000008b480000)
 Metaspace       used 116613K, capacity 123780K, committed 123928K, reserved 1157120K
  class space    used 15399K, capacity 16614K, committed 16688K, reserved 1048576K
}

