# JRE version: OpenJDK Runtime Environment (8.0_242-b01) (build 1.8.0_242-release-1644-b01)
# Java VM: OpenJDK 64-Bit Server VM (25.242-b01 mixed mode windows-amd64 compressed oops)
Heap:
 PSYoungGen      total 75776K, used 11958K [0x00000000d5580000, 0x00000000dba80000, 0x0000000100000000)
  eden space 64512K, 9% used [0x00000000d5580000,0x00000000d5bacc60,0x00000000d9480000)
  from space 11264K, 50% used [0x00000000d9480000,0x00000000d9a00ce8,0x00000000d9f80000)
  to   space 10752K, 0% used [0x00000000db000000,0x00000000db000000,0x00000000dba80000)
 ParOldGen       total 50688K, used 16619K [0x0000000080000000, 0x0000000083180000, 0x00000000d5580000)
  object space 50688K, 32% used [0x0000000080000000,0x000000008103af48,0x0000000083180000)
 Metaspace       used 36945K, capacity 38404K, committed 38440K, reserved 1083392K
  class space    used 5077K, capacity 5407K, committed 5416K, reserved 1048576K
GC Heap History (10 events):
Event: 4.816 GC heap before
{Heap before GC invocations=9 (full 1):
 PSYoungGen      total 75776K, used 64512K [0x00000000d5580000, 0x00000000dab80000, 0x0000000100000000)
  eden space 64512K, 100% used [0x00000000d5580000,0x00000000d9480000,0x00000000d9480000)
  from space 11264K, 0% used [0x00000000d9480000,0x00000000d9480000,0x00000000d9f80000)
  to   space 10240K, 0% used [0x00000000d9f80000,0x00000000d9f80000,0x00000000da980000)
 ParOldGen       total 50688K, used 7912K [0x0000000080000000, 0x0000000083180000, 0x00000000d5580000)
  object space 50688K, 15% used [0x0000000080000000,0x00000000807ba290,0x0000000083180000)
 Metaspace       used 28077K, capacity 28876K, committed 29232K, reserved 1075200K
  class space    used 3868K, capacity 4107K, committed 4144K, reserved 1048576K
Event: 4.821 GC heap after
Heap after GC invocations=9 (full 1):
 PSYoungGen      total 74752K, used 7738K [0x00000000d5580000, 0x00000000dab80000, 0x0000000100000000)
  eden space 64512K, 0% used [0x00000000d5580000,0x00000000d5580000,0x00000000d9480000)
  from space 10240K, 75% used [0x00000000d9f80000,0x00000000da70e940,0x00000000da980000)
  to   space 11264K, 0% used [0x00000000d9480000,0x00000000d9480000,0x00000000d9f80000)
 ParOldGen       total 50688K, used 7920K [0x0000000080000000, 0x0000000083180000, 0x00000000d5580000)
  object space 50688K, 15% used [0x0000000080000000,0x00000000807bc290,0x0000000083180000)
 Metaspace       used 28077K, capacity 28876K, committed 29232K, reserved 1075200K
  class space    used 3868K, capacity 4107K, committed 4144K, reserved 1048576K
}
Event: 5.387 GC heap before
{Heap before GC invocations=10 (full 1):
 PSYoungGen      total 74752K, used 72250K [0x00000000d5580000, 0x00000000dab80000, 0x0000000100000000)
  eden space 64512K, 100% used [0x00000000d5580000,0x00000000d9480000,0x00000000d9480000)
  from space 10240K, 75% used [0x00000000d9f80000,0x00000000da70e940,0x00000000da980000)
  to   space 11264K, 0% used [0x00000000d9480000,0x00000000d9480000,0x00000000d9f80000)
 ParOldGen       total 50688K, used 7920K [0x0000000080000000, 0x0000000083180000, 0x00000000d5580000)
  object space 50688K, 15% used [0x0000000080000000,0x00000000807bc290,0x0000000083180000)
 Metaspace       used 32191K, capacity 33138K, committed 33328K, reserved 1077248K
  class space    used 4360K, capacity 4628K, committed 4656K, reserved 1048576K
Event: 5.399 GC heap after
Heap after GC invocations=10 (full 1):
 PSYoungGen      total 75776K, used 8273K [0x00000000d5580000, 0x00000000dab80000, 0x0000000100000000)
  eden space 64512K, 0% used [0x00000000d5580000,0x00000000d5580000,0x00000000d9480000)
  from space 11264K, 73% used [0x00000000d9480000,0x00000000d9c94660,0x00000000d9f80000)
  to   space 10240K, 0% used [0x00000000d9f80000,0x00000000d9f80000,0x00000000da980000)
 ParOldGen       total 50688K, used 7928K [0x0000000080000000, 0x0000000083180000, 0x00000000d5580000)
  object space 50688K, 15% used [0x0000000080000000,0x00000000807be290,0x0000000083180000)
 Metaspace       used 32191K, capacity 33138K, committed 33328K, reserved 1077248K
  class space    used 4360K, capacity 4628K, committed 4656K, reserved 1048576K
}
Event: 5.720 GC heap before
{Heap before GC invocations=11 (full 1):
 PSYoungGen      total 75776K, used 48280K [0x00000000d5580000, 0x00000000dab80000, 0x0000000100000000)
  eden space 64512K, 62% used [0x00000000d5580000,0x00000000d7c91cf0,0x00000000d9480000)
  from space 11264K, 73% used [0x00000000d9480000,0x00000000d9c94660,0x00000000d9f80000)
  to   space 10240K, 0% used [0x00000000d9f80000,0x00000000d9f80000,0x00000000da980000)
 ParOldGen       total 50688K, used 7928K [0x0000000080000000, 0x0000000083180000, 0x00000000d5580000)
  object space 50688K, 15% used [0x0000000080000000,0x00000000807be290,0x0000000083180000)
 Metaspace       used 34334K, capacity 35386K, committed 35496K, reserved 1079296K
  class space    used 4670K, capacity 4943K, committed 5032K, reserved 1048576K
Event: 5.734 GC heap after
Heap after GC invocations=11 (full 1):
 PSYoungGen      total 74752K, used 6259K [0x00000000d5580000, 0x00000000dab80000, 0x0000000100000000)
  eden space 64512K, 0% used [0x00000000d5580000,0x00000000d5580000,0x00000000d9480000)
  from space 10240K, 61% used [0x00000000d9f80000,0x00000000da59ce80,0x00000000da980000)
  to   space 11264K, 0% used [0x00000000d9480000,0x00000000d9480000,0x00000000d9f80000)
 ParOldGen       total 50688K, used 10834K [0x0000000080000000, 0x0000000083180000, 0x00000000d5580000)
  object space 50688K, 21% used [0x0000000080000000,0x0000000080a949e0,0x0000000083180000)
 Metaspace       used 34334K, capacity 35386K, committed 35496K, reserved 1079296K
  class space    used 4670K, capacity 4943K, committed 5032K, reserved 1048576K
}
Event: 5.734 GC heap before
{Heap before GC invocations=12 (full 2):
 PSYoungGen      total 74752K, used 6259K [0x00000000d5580000, 0x00000000dab80000, 0x0000000100000000)
  eden space 64512K, 0% used [0x00000000d5580000,0x00000000d5580000,0x00000000d9480000)
  from space 10240K, 61% used [0x00000000d9f80000,0x00000000da59ce80,0x00000000da980000)
  to   space 11264K, 0% used [0x00000000d9480000,0x00000000d9480000,0x00000000d9f80000)
 ParOldGen       total 50688K, used 10834K [0x0000000080000000, 0x0000000083180000, 0x00000000d5580000)
  object space 50688K, 21% used [0x0000000080000000,0x0000000080a949e0,0x0000000083180000)
 Metaspace       used 34334K, capacity 35386K, committed 35496K, reserved 1079296K
  class space    used 4670K, capacity 4943K, committed 5032K, reserved 1048576K
Event: 5.848 GC heap after
Heap after GC invocations=12 (full 2):
 PSYoungGen      total 74752K, used 0K [0x00000000d5580000, 0x00000000dab80000, 0x0000000100000000)
  eden space 64512K, 0% used [0x00000000d5580000,0x00000000d5580000,0x00000000d9480000)
  from space 10240K, 0% used [0x00000000d9f80000,0x00000000d9f80000,0x00000000da980000)
  to   space 11264K, 0% used [0x00000000d9480000,0x00000000d9480000,0x00000000d9f80000)
 ParOldGen       total 50688K, used 16611K [0x0000000080000000, 0x0000000083180000, 0x00000000d5580000)
  object space 50688K, 32% used [0x0000000080000000,0x0000000081038f48,0x0000000083180000)
 Metaspace       used 34334K, capacity 35386K, committed 35496K, reserved 1079296K
  class space    used 4670K, capacity 4943K, committed 5032K, reserved 1048576K
}
Event: 6.366 GC heap before
{Heap before GC invocations=13 (full 2):
 PSYoungGen      total 74752K, used 64512K [0x00000000d5580000, 0x00000000dab80000, 0x0000000100000000)
  eden space 64512K, 100% used [0x00000000d5580000,0x00000000d9480000,0x00000000d9480000)
  from space 10240K, 0% used [0x00000000d9f80000,0x00000000d9f80000,0x00000000da980000)
  to   space 11264K, 0% used [0x00000000d9480000,0x00000000d9480000,0x00000000d9f80000)
 ParOldGen       total 50688K, used 16611K [0x0000000080000000, 0x0000000083180000, 0x00000000d5580000)
  object space 50688K, 32% used [0x0000000080000000,0x0000000081038f48,0x0000000083180000)
 Metaspace       used 36666K, capacity 37960K, committed 38184K, reserved 1081344K
  class space    used 5031K, capacity 5345K, committed 5416K, reserved 1048576K
Event: 6.375 GC heap after
Heap after GC invocations=13 (full 2):
 PSYoungGen      total 75776K, used 5635K [0x00000000d5580000, 0x00000000dba80000, 0x0000000100000000)
  eden space 64512K, 0% used [0x00000000d5580000,0x00000000d5580000,0x00000000d9480000)
  from space 11264K, 50% used [0x00000000d9480000,0x00000000d9a00ce8,0x00000000d9f80000)
  to   space 10752K, 0% used [0x00000000db000000,0x00000000db000000,0x00000000dba80000)
 ParOldGen       total 50688K, used 16619K [0x0000000080000000, 0x0000000083180000, 0x00000000d5580000)
  object space 50688K, 32% used [0x0000000080000000,0x000000008103af48,0x0000000083180000)
 Metaspace       used 36666K, capacity 37960K, committed 38184K, reserved 1081344K
  class space    used 5031K, capacity 5345K, committed 5416K, reserved 1048576K
}

