# JRE version: OpenJDK Runtime Environment (8.0_242-b01) (build 1.8.0_242-release-1644-b01)
# Java VM: OpenJDK 64-Bit Server VM (25.242-b01 mixed mode windows-amd64 compressed oops)
Heap:
 PSYoungGen      total 273408K, used 170209K [0x00000000d5580000, 0x00000000eb500000, 0x0000000100000000)
  eden space 257536K, 66% used [0x00000000d5580000,0x00000000dfbb8508,0x00000000e5100000)
  from space 15872K, 0% used [0x00000000e5100000,0x00000000e5100000,0x00000000e6080000)
  to   space 15872K, 0% used [0x00000000ea580000,0x00000000ea580000,0x00000000eb500000)
 ParOldGen       total 98816K, used 17013K [0x0000000080000000, 0x0000000086080000, 0x00000000d5580000)
  object space 98816K, 17% used [0x0000000080000000,0x000000008109d5f0,0x0000000086080000)
 Metaspace       used 46889K, capacity 48668K, committed 48936K, reserved 1091584K
  class space    used 6236K, capacity 6621K, committed 6696K, reserved 1048576K
GC Heap History (10 events):
Event: 2.701 GC heap before
{Heap before GC invocations=5 (full 0):
 PSYoungGen      total 136192K, used 13505K [0x00000000d5580000, 0x00000000ddf80000, 0x0000000100000000)
  eden space 131072K, 6% used [0x00000000d5580000,0x00000000d5db7160,0x00000000dd580000)
  from space 5120K, 99% used [0x00000000dda80000,0x00000000ddf79650,0x00000000ddf80000)
  to   space 5120K, 0% used [0x00000000dd580000,0x00000000dd580000,0x00000000dda80000)
 ParOldGen       total 86016K, used 11593K [0x0000000080000000, 0x0000000085400000, 0x00000000d5580000)
  object space 86016K, 13% used [0x0000000080000000,0x0000000080b52650,0x0000000085400000)
 Metaspace       used 20528K, capacity 21224K, committed 21296K, reserved 1067008K
  class space    used 2877K, capacity 3096K, committed 3120K, reserved 1048576K
Event: 2.709 GC heap after
Heap after GC invocations=5 (full 0):
 PSYoungGen      total 136192K, used 5109K [0x00000000d5580000, 0x00000000e7080000, 0x0000000100000000)
  eden space 131072K, 0% used [0x00000000d5580000,0x00000000d5580000,0x00000000dd580000)
  from space 5120K, 99% used [0x00000000dd580000,0x00000000dda7d660,0x00000000dda80000)
  to   space 13824K, 0% used [0x00000000e6300000,0x00000000e6300000,0x00000000e7080000)
 ParOldGen       total 86016K, used 12243K [0x0000000080000000, 0x0000000085400000, 0x00000000d5580000)
  object space 86016K, 14% used [0x0000000080000000,0x0000000080bf4c58,0x0000000085400000)
 Metaspace       used 20528K, capacity 21224K, committed 21296K, reserved 1067008K
  class space    used 2877K, capacity 3096K, committed 3120K, reserved 1048576K
}
Event: 2.709 GC heap before
{Heap before GC invocations=6 (full 1):
 PSYoungGen      total 136192K, used 5109K [0x00000000d5580000, 0x00000000e7080000, 0x0000000100000000)
  eden space 131072K, 0% used [0x00000000d5580000,0x00000000d5580000,0x00000000dd580000)
  from space 5120K, 99% used [0x00000000dd580000,0x00000000dda7d660,0x00000000dda80000)
  to   space 13824K, 0% used [0x00000000e6300000,0x00000000e6300000,0x00000000e7080000)
 ParOldGen       total 86016K, used 12243K [0x0000000080000000, 0x0000000085400000, 0x00000000d5580000)
  object space 86016K, 14% used [0x0000000080000000,0x0000000080bf4c58,0x0000000085400000)
 Metaspace       used 20528K, capacity 21224K, committed 21296K, reserved 1067008K
  class space    used 2877K, capacity 3096K, committed 3120K, reserved 1048576K
Event: 2.757 GC heap after
Heap after GC invocations=6 (full 1):
 PSYoungGen      total 136192K, used 0K [0x00000000d5580000, 0x00000000e7080000, 0x0000000100000000)
  eden space 131072K, 0% used [0x00000000d5580000,0x00000000d5580000,0x00000000dd580000)
  from space 5120K, 0% used [0x00000000dd580000,0x00000000dd580000,0x00000000dda80000)
  to   space 13824K, 0% used [0x00000000e6300000,0x00000000e6300000,0x00000000e7080000)
 ParOldGen       total 67584K, used 12889K [0x0000000080000000, 0x0000000084200000, 0x00000000d5580000)
  object space 67584K, 19% used [0x0000000080000000,0x0000000080c964c8,0x0000000084200000)
 Metaspace       used 20528K, capacity 21224K, committed 21296K, reserved 1067008K
  class space    used 2877K, capacity 3096K, committed 3120K, reserved 1048576K
}
Event: 3.895 GC heap before
{Heap before GC invocations=7 (full 1):
 PSYoungGen      total 136192K, used 131072K [0x00000000d5580000, 0x00000000e7080000, 0x0000000100000000)
  eden space 131072K, 100% used [0x00000000d5580000,0x00000000dd580000,0x00000000dd580000)
  from space 5120K, 0% used [0x00000000dd580000,0x00000000dd580000,0x00000000dda80000)
  to   space 13824K, 0% used [0x00000000e6300000,0x00000000e6300000,0x00000000e7080000)
 ParOldGen       total 67584K, used 12889K [0x0000000080000000, 0x0000000084200000, 0x00000000d5580000)
  object space 67584K, 19% used [0x0000000080000000,0x0000000080c964c8,0x0000000084200000)
 Metaspace       used 32167K, capacity 33126K, committed 33328K, reserved 1077248K
  class space    used 4357K, capacity 4626K, committed 4656K, reserved 1048576K
Event: 3.913 GC heap after
Heap after GC invocations=7 (full 1):
 PSYoungGen      total 219136K, used 13233K [0x00000000d5580000, 0x00000000e7000000, 0x0000000100000000)
  eden space 205824K, 0% used [0x00000000d5580000,0x00000000d5580000,0x00000000e1e80000)
  from space 13312K, 99% used [0x00000000e6300000,0x00000000e6fec518,0x00000000e7000000)
  to   space 15872K, 0% used [0x00000000e5100000,0x00000000e5100000,0x00000000e6080000)
 ParOldGen       total 67584K, used 12897K [0x0000000080000000, 0x0000000084200000, 0x00000000d5580000)
  object space 67584K, 19% used [0x0000000080000000,0x0000000080c984c8,0x0000000084200000)
 Metaspace       used 32167K, capacity 33126K, committed 33328K, reserved 1077248K
  class space    used 4357K, capacity 4626K, committed 4656K, reserved 1048576K
}
Event: 4.267 GC heap before
{Heap before GC invocations=8 (full 1):
 PSYoungGen      total 219136K, used 56896K [0x00000000d5580000, 0x00000000e7000000, 0x0000000100000000)
  eden space 205824K, 21% used [0x00000000d5580000,0x00000000d8023dd8,0x00000000e1e80000)
  from space 13312K, 99% used [0x00000000e6300000,0x00000000e6fec518,0x00000000e7000000)
  to   space 15872K, 0% used [0x00000000e5100000,0x00000000e5100000,0x00000000e6080000)
 ParOldGen       total 67584K, used 12897K [0x0000000080000000, 0x0000000084200000, 0x00000000d5580000)
  object space 67584K, 19% used [0x0000000080000000,0x0000000080c984c8,0x0000000084200000)
 Metaspace       used 34341K, capacity 35380K, committed 35496K, reserved 1079296K
  class space    used 4671K, capacity 4942K, committed 5032K, reserved 1048576K
Event: 4.279 GC heap after
Heap after GC invocations=8 (full 1):
 PSYoungGen      total 273408K, used 9405K [0x00000000d5580000, 0x00000000eb500000, 0x0000000100000000)
  eden space 257536K, 0% used [0x00000000d5580000,0x00000000d5580000,0x00000000e5100000)
  from space 15872K, 59% used [0x00000000e5100000,0x00000000e5a2f5c8,0x00000000e6080000)
  to   space 15872K, 0% used [0x00000000ea580000,0x00000000ea580000,0x00000000eb500000)
 ParOldGen       total 67584K, used 12905K [0x0000000080000000, 0x0000000084200000, 0x00000000d5580000)
  object space 67584K, 19% used [0x0000000080000000,0x0000000080c9a4c8,0x0000000084200000)
 Metaspace       used 34341K, capacity 35380K, committed 35496K, reserved 1079296K
  class space    used 4671K, capacity 4942K, committed 5032K, reserved 1048576K
}
Event: 4.279 GC heap before
{Heap before GC invocations=9 (full 2):
 PSYoungGen      total 273408K, used 9405K [0x00000000d5580000, 0x00000000eb500000, 0x0000000100000000)
  eden space 257536K, 0% used [0x00000000d5580000,0x00000000d5580000,0x00000000e5100000)
  from space 15872K, 59% used [0x00000000e5100000,0x00000000e5a2f5c8,0x00000000e6080000)
  to   space 15872K, 0% used [0x00000000ea580000,0x00000000ea580000,0x00000000eb500000)
 ParOldGen       total 67584K, used 12905K [0x0000000080000000, 0x0000000084200000, 0x00000000d5580000)
  object space 67584K, 19% used [0x0000000080000000,0x0000000080c9a4c8,0x0000000084200000)
 Metaspace       used 34341K, capacity 35380K, committed 35496K, reserved 1079296K
  class space    used 4671K, capacity 4942K, committed 5032K, reserved 1048576K
Event: 4.367 GC heap after
Heap after GC invocations=9 (full 2):
 PSYoungGen      total 273408K, used 0K [0x00000000d5580000, 0x00000000eb500000, 0x0000000100000000)
  eden space 257536K, 0% used [0x00000000d5580000,0x00000000d5580000,0x00000000e5100000)
  from space 15872K, 0% used [0x00000000e5100000,0x00000000e5100000,0x00000000e6080000)
  to   space 15872K, 0% used [0x00000000ea580000,0x00000000ea580000,0x00000000eb500000)
 ParOldGen       total 98816K, used 17013K [0x0000000080000000, 0x0000000086080000, 0x00000000d5580000)
  object space 98816K, 17% used [0x0000000080000000,0x000000008109d5f0,0x0000000086080000)
 Metaspace       used 34341K, capacity 35380K, committed 35496K, reserved 1079296K
  class space    used 4671K, capacity 4942K, committed 5032K, reserved 1048576K
}

