# JRE version: OpenJDK Runtime Environment (8.0_242-b01) (build 1.8.0_242-release-1644-b01)
# Java VM: OpenJDK 64-Bit Server VM (25.242-b01 mixed mode windows-amd64 compressed oops)
Heap:
 PSYoungGen      total 506368K, used 7611K [0x00000000d5580000, 0x00000000f7000000, 0x0000000100000000)
  eden space 480768K, 1% used [0x00000000d5580000,0x00000000d5ceeea8,0x00000000f2b00000)
  from space 25600K, 0% used [0x00000000f5700000,0x00000000f5700000,0x00000000f7000000)
  to   space 35328K, 0% used [0x00000000f2b00000,0x00000000f2b00000,0x00000000f4d80000)
 ParOldGen       total 193024K, used 69264K [0x0000000080000000, 0x000000008bc80000, 0x00000000d5580000)
  object space 193024K, 35% used [0x0000000080000000,0x00000000843a4390,0x000000008bc80000)
 Metaspace       used 93638K, capacity 98184K, committed 98856K, reserved 1134592K
  class space    used 12190K, capacity 13065K, committed 13232K, reserved 1048576K
GC Heap History (10 events):
Event: 71.726 GC heap before
{Heap before GC invocations=16 (full 3):
 PSYoungGen      total 400384K, used 400381K [0x00000000d5580000, 0x00000000f0d00000, 0x0000000100000000)
  eden space 371200K, 100% used [0x00000000d5580000,0x00000000ec000000,0x00000000ec000000)
  from space 29184K, 99% used [0x00000000ee880000,0x00000000f04ff7f0,0x00000000f0500000)
  to   space 39424K, 0% used [0x00000000ec000000,0x00000000ec000000,0x00000000ee680000)
 ParOldGen       total 120832K, used 55742K [0x0000000080000000, 0x0000000087600000, 0x00000000d5580000)
  object space 120832K, 46% used [0x0000000080000000,0x000000008366f8c8,0x0000000087600000)
 Metaspace       used 89198K, capacity 93462K, committed 93720K, reserved 1130496K
  class space    used 11685K, capacity 12500K, committed 12592K, reserved 1048576K
Event: 71.769 GC heap after
Heap after GC invocations=16 (full 3):
 PSYoungGen      total 410624K, used 10511K [0x00000000d5580000, 0x00000000f5280000, 0x0000000100000000)
  eden space 371200K, 0% used [0x00000000d5580000,0x00000000d5580000,0x00000000ec000000)
  from space 39424K, 26% used [0x00000000ec000000,0x00000000eca43cc8,0x00000000ee680000)
  to   space 37888K, 0% used [0x00000000f2d80000,0x00000000f2d80000,0x00000000f5280000)
 ParOldGen       total 120832K, used 75288K [0x0000000080000000, 0x0000000087600000, 0x00000000d5580000)
  object space 120832K, 62% used [0x0000000080000000,0x0000000084986380,0x0000000087600000)
 Metaspace       used 89198K, capacity 93462K, committed 93720K, reserved 1130496K
  class space    used 11685K, capacity 12500K, committed 12592K, reserved 1048576K
}
Event: 308.321 GC heap before
{Heap before GC invocations=17 (full 3):
 PSYoungGen      total 410624K, used 381711K [0x00000000d5580000, 0x00000000f5280000, 0x0000000100000000)
  eden space 371200K, 100% used [0x00000000d5580000,0x00000000ec000000,0x00000000ec000000)
  from space 39424K, 26% used [0x00000000ec000000,0x00000000eca43cc8,0x00000000ee680000)
  to   space 37888K, 0% used [0x00000000f2d80000,0x00000000f2d80000,0x00000000f5280000)
 ParOldGen       total 120832K, used 75288K [0x0000000080000000, 0x0000000087600000, 0x00000000d5580000)
  object space 120832K, 62% used [0x0000000080000000,0x0000000084986380,0x0000000087600000)
 Metaspace       used 90484K, capacity 94912K, committed 95128K, reserved 1132544K
  class space    used 11817K, capacity 12687K, committed 12720K, reserved 1048576K
Event: 308.338 GC heap after
Heap after GC invocations=17 (full 3):
 PSYoungGen      total 454656K, used 18242K [0x00000000d5580000, 0x00000000f4380000, 0x0000000100000000)
  eden space 432128K, 0% used [0x00000000d5580000,0x00000000d5580000,0x00000000efb80000)
  from space 22528K, 80% used [0x00000000f2d80000,0x00000000f3f50a98,0x00000000f4380000)
  to   space 36864K, 0% used [0x00000000efb80000,0x00000000efb80000,0x00000000f1f80000)
 ParOldGen       total 120832K, used 75296K [0x0000000080000000, 0x0000000087600000, 0x00000000d5580000)
  object space 120832K, 62% used [0x0000000080000000,0x0000000084988380,0x0000000087600000)
 Metaspace       used 90484K, capacity 94912K, committed 95128K, reserved 1132544K
  class space    used 11817K, capacity 12687K, committed 12720K, reserved 1048576K
}
Event: 374.322 GC heap before
{Heap before GC invocations=18 (full 3):
 PSYoungGen      total 454656K, used 450370K [0x00000000d5580000, 0x00000000f4380000, 0x0000000100000000)
  eden space 432128K, 100% used [0x00000000d5580000,0x00000000efb80000,0x00000000efb80000)
  from space 22528K, 80% used [0x00000000f2d80000,0x00000000f3f50a98,0x00000000f4380000)
  to   space 36864K, 0% used [0x00000000efb80000,0x00000000efb80000,0x00000000f1f80000)
 ParOldGen       total 120832K, used 75296K [0x0000000080000000, 0x0000000087600000, 0x00000000d5580000)
  object space 120832K, 62% used [0x0000000080000000,0x0000000084988380,0x0000000087600000)
 Metaspace       used 91543K, capacity 96206K, committed 96280K, reserved 1132544K
  class space    used 11918K, capacity 12816K, committed 12848K, reserved 1048576K
Event: 374.344 GC heap after
Heap after GC invocations=18 (full 3):
 PSYoungGen      total 468992K, used 19959K [0x00000000d5580000, 0x00000000f7a80000, 0x0000000100000000)
  eden space 432128K, 0% used [0x00000000d5580000,0x00000000d5580000,0x00000000efb80000)
  from space 36864K, 54% used [0x00000000efb80000,0x00000000f0efdfb0,0x00000000f1f80000)
  to   space 36352K, 0% used [0x00000000f5700000,0x00000000f5700000,0x00000000f7a80000)
 ParOldGen       total 120832K, used 75304K [0x0000000080000000, 0x0000000087600000, 0x00000000d5580000)
  object space 120832K, 62% used [0x0000000080000000,0x000000008498a380,0x0000000087600000)
 Metaspace       used 91543K, capacity 96206K, committed 96280K, reserved 1132544K
  class space    used 11918K, capacity 12816K, committed 12848K, reserved 1048576K
}
Event: 381.685 GC heap before
{Heap before GC invocations=19 (full 3):
 PSYoungGen      total 468992K, used 109679K [0x00000000d5580000, 0x00000000f7a80000, 0x0000000100000000)
  eden space 432128K, 20% used [0x00000000d5580000,0x00000000dad1de68,0x00000000efb80000)
  from space 36864K, 54% used [0x00000000efb80000,0x00000000f0efdfb0,0x00000000f1f80000)
  to   space 36352K, 0% used [0x00000000f5700000,0x00000000f5700000,0x00000000f7a80000)
 ParOldGen       total 120832K, used 75304K [0x0000000080000000, 0x0000000087600000, 0x00000000d5580000)
  object space 120832K, 62% used [0x0000000080000000,0x000000008498a380,0x0000000087600000)
 Metaspace       used 93730K, capacity 98466K, committed 98600K, reserved 1134592K
  class space    used 12219K, capacity 13136K, committed 13232K, reserved 1048576K
Event: 381.700 GC heap after
Heap after GC invocations=19 (full 3):
 PSYoungGen      total 506368K, used 19347K [0x00000000d5580000, 0x00000000f7000000, 0x0000000100000000)
  eden space 480768K, 0% used [0x00000000d5580000,0x00000000d5580000,0x00000000f2b00000)
  from space 25600K, 75% used [0x00000000f5700000,0x00000000f69e4fb8,0x00000000f7000000)
  to   space 35328K, 0% used [0x00000000f2b00000,0x00000000f2b00000,0x00000000f4d80000)
 ParOldGen       total 120832K, used 75312K [0x0000000080000000, 0x0000000087600000, 0x00000000d5580000)
  object space 120832K, 62% used [0x0000000080000000,0x000000008498c380,0x0000000087600000)
 Metaspace       used 93730K, capacity 98466K, committed 98600K, reserved 1134592K
  class space    used 12219K, capacity 13136K, committed 13232K, reserved 1048576K
}
Event: 381.700 GC heap before
{Heap before GC invocations=20 (full 4):
 PSYoungGen      total 506368K, used 19347K [0x00000000d5580000, 0x00000000f7000000, 0x0000000100000000)
  eden space 480768K, 0% used [0x00000000d5580000,0x00000000d5580000,0x00000000f2b00000)
  from space 25600K, 75% used [0x00000000f5700000,0x00000000f69e4fb8,0x00000000f7000000)
  to   space 35328K, 0% used [0x00000000f2b00000,0x00000000f2b00000,0x00000000f4d80000)
 ParOldGen       total 120832K, used 75312K [0x0000000080000000, 0x0000000087600000, 0x00000000d5580000)
  object space 120832K, 62% used [0x0000000080000000,0x000000008498c380,0x0000000087600000)
 Metaspace       used 93730K, capacity 98466K, committed 98600K, reserved 1134592K
  class space    used 12219K, capacity 13136K, committed 13232K, reserved 1048576K
Event: 381.964 GC heap after
Heap after GC invocations=20 (full 4):
 PSYoungGen      total 506368K, used 0K [0x00000000d5580000, 0x00000000f7000000, 0x0000000100000000)
  eden space 480768K, 0% used [0x00000000d5580000,0x00000000d5580000,0x00000000f2b00000)
  from space 25600K, 0% used [0x00000000f5700000,0x00000000f5700000,0x00000000f7000000)
  to   space 35328K, 0% used [0x00000000f2b00000,0x00000000f2b00000,0x00000000f4d80000)
 ParOldGen       total 193024K, used 69264K [0x0000000080000000, 0x000000008bc80000, 0x00000000d5580000)
  object space 193024K, 35% used [0x0000000080000000,0x00000000843a4390,0x000000008bc80000)
 Metaspace       used 93603K, capacity 98108K, committed 98600K, reserved 1134592K
  class space    used 12178K, capacity 13063K, committed 13232K, reserved 1048576K
}

