# JRE version: OpenJDK Runtime Environment (8.0_242-b01) (build 1.8.0_242-release-1644-b01)
# Java VM: OpenJDK 64-Bit Server VM (25.242-b01 mixed mode windows-amd64 compressed oops)
Heap:
 PSYoungGen      total 408576K, used 118512K [0x00000000d5580000, 0x00000000f0e00000, 0x0000000100000000)
  eden space 378880K, 23% used [0x00000000d5580000,0x00000000dac42080,0x00000000ec780000)
  from space 29696K, 99% used [0x00000000ed400000,0x00000000ef0f9fd0,0x00000000ef100000)
  to   space 26112K, 0% used [0x00000000ef480000,0x00000000ef480000,0x00000000f0e00000)
 ParOldGen       total 146432K, used 40199K [0x0000000080000000, 0x0000000088f00000, 0x00000000d5580000)
  object space 146432K, 27% used [0x0000000080000000,0x0000000082741f28,0x0000000088f00000)
 Metaspace       used 83124K, capacity 87024K, committed 87336K, reserved 1124352K
  class space    used 10945K, capacity 11703K, committed 11816K, reserved 1048576K
GC Heap History (10 events):
Event: 6.655 GC heap before
{Heap before GC invocations=10 (full 2):
 PSYoungGen      total 273408K, used 257536K [0x00000000d5580000, 0x00000000eb200000, 0x0000000100000000)
  eden space 257536K, 100% used [0x00000000d5580000,0x00000000e5100000,0x00000000e5100000)
  from space 15872K, 0% used [0x00000000e5100000,0x00000000e5100000,0x00000000e6080000)
  to   space 15872K, 0% used [0x00000000ea280000,0x00000000ea280000,0x00000000eb200000)
 ParOldGen       total 96256K, used 16990K [0x0000000080000000, 0x0000000085e00000, 0x00000000d5580000)
  object space 96256K, 17% used [0x0000000080000000,0x0000000081097b10,0x0000000085e00000)
 Metaspace       used 52233K, capacity 54166K, committed 54312K, reserved 1095680K
  class space    used 6940K, capacity 7362K, committed 7464K, reserved 1048576K
Event: 6.674 GC heap after
Heap after GC invocations=10 (full 2):
 PSYoungGen      total 334336K, used 15854K [0x00000000d5580000, 0x00000000edf80000, 0x0000000100000000)
  eden space 318464K, 0% used [0x00000000d5580000,0x00000000d5580000,0x00000000e8c80000)
  from space 15872K, 99% used [0x00000000ea280000,0x00000000eb1fb900,0x00000000eb200000)
  to   space 22528K, 0% used [0x00000000e8c80000,0x00000000e8c80000,0x00000000ea280000)
 ParOldGen       total 96256K, used 27336K [0x0000000080000000, 0x0000000085e00000, 0x00000000d5580000)
  object space 96256K, 28% used [0x0000000080000000,0x0000000081ab23b8,0x0000000085e00000)
 Metaspace       used 52233K, capacity 54166K, committed 54312K, reserved 1095680K
  class space    used 6940K, capacity 7362K, committed 7464K, reserved 1048576K
}
Event: 7.282 GC heap before
{Heap before GC invocations=11 (full 2):
 PSYoungGen      total 334336K, used 89638K [0x00000000d5580000, 0x00000000edf80000, 0x0000000100000000)
  eden space 318464K, 23% used [0x00000000d5580000,0x00000000d9d8df58,0x00000000e8c80000)
  from space 15872K, 99% used [0x00000000ea280000,0x00000000eb1fb900,0x00000000eb200000)
  to   space 22528K, 0% used [0x00000000e8c80000,0x00000000e8c80000,0x00000000ea280000)
 ParOldGen       total 96256K, used 27336K [0x0000000080000000, 0x0000000085e00000, 0x00000000d5580000)
  object space 96256K, 28% used [0x0000000080000000,0x0000000081ab23b8,0x0000000085e00000)
 Metaspace       used 56763K, capacity 59032K, committed 59160K, reserved 1099776K
  class space    used 7669K, capacity 8151K, committed 8232K, reserved 1048576K
Event: 7.301 GC heap after
Heap after GC invocations=11 (full 2):
 PSYoungGen      total 340992K, used 21604K [0x00000000d5580000, 0x00000000f0e00000, 0x0000000100000000)
  eden space 318464K, 0% used [0x00000000d5580000,0x00000000d5580000,0x00000000e8c80000)
  from space 22528K, 95% used [0x00000000e8c80000,0x00000000ea199020,0x00000000ea280000)
  to   space 26112K, 0% used [0x00000000ef480000,0x00000000ef480000,0x00000000f0e00000)
 ParOldGen       total 96256K, used 27344K [0x0000000080000000, 0x0000000085e00000, 0x00000000d5580000)
  object space 96256K, 28% used [0x0000000080000000,0x0000000081ab43b8,0x0000000085e00000)
 Metaspace       used 56763K, capacity 59032K, committed 59160K, reserved 1099776K
  class space    used 7669K, capacity 8151K, committed 8232K, reserved 1048576K
}
Event: 7.301 GC heap before
{Heap before GC invocations=12 (full 3):
 PSYoungGen      total 340992K, used 21604K [0x00000000d5580000, 0x00000000f0e00000, 0x0000000100000000)
  eden space 318464K, 0% used [0x00000000d5580000,0x00000000d5580000,0x00000000e8c80000)
  from space 22528K, 95% used [0x00000000e8c80000,0x00000000ea199020,0x00000000ea280000)
  to   space 26112K, 0% used [0x00000000ef480000,0x00000000ef480000,0x00000000f0e00000)
 ParOldGen       total 96256K, used 27344K [0x0000000080000000, 0x0000000085e00000, 0x00000000d5580000)
  object space 96256K, 28% used [0x0000000080000000,0x0000000081ab43b8,0x0000000085e00000)
 Metaspace       used 56763K, capacity 59032K, committed 59160K, reserved 1099776K
  class space    used 7669K, capacity 8151K, committed 8232K, reserved 1048576K
Event: 7.507 GC heap after
Heap after GC invocations=12 (full 3):
 PSYoungGen      total 340992K, used 0K [0x00000000d5580000, 0x00000000f0e00000, 0x0000000100000000)
  eden space 318464K, 0% used [0x00000000d5580000,0x00000000d5580000,0x00000000e8c80000)
  from space 22528K, 0% used [0x00000000e8c80000,0x00000000e8c80000,0x00000000ea280000)
  to   space 26112K, 0% used [0x00000000ef480000,0x00000000ef480000,0x00000000f0e00000)
 ParOldGen       total 146432K, used 36275K [0x0000000080000000, 0x0000000088f00000, 0x00000000d5580000)
  object space 146432K, 24% used [0x0000000080000000,0x000000008236cf90,0x0000000088f00000)
 Metaspace       used 56759K, capacity 59020K, committed 59160K, reserved 1099776K
  class space    used 7668K, capacity 8149K, committed 8232K, reserved 1048576K
}
Event: 11.149 GC heap before
{Heap before GC invocations=13 (full 3):
 PSYoungGen      total 340992K, used 318464K [0x00000000d5580000, 0x00000000f0e00000, 0x0000000100000000)
  eden space 318464K, 100% used [0x00000000d5580000,0x00000000e8c80000,0x00000000e8c80000)
  from space 22528K, 0% used [0x00000000e8c80000,0x00000000e8c80000,0x00000000ea280000)
  to   space 26112K, 0% used [0x00000000ef480000,0x00000000ef480000,0x00000000f0e00000)
 ParOldGen       total 146432K, used 36275K [0x0000000080000000, 0x0000000088f00000, 0x00000000d5580000)
  object space 146432K, 24% used [0x0000000080000000,0x000000008236cf90,0x0000000088f00000)
 Metaspace       used 72196K, capacity 75142K, committed 75304K, reserved 1114112K
  class space    used 9874K, capacity 10448K, committed 10536K, reserved 1048576K
Event: 11.177 GC heap after
Heap after GC invocations=13 (full 3):
 PSYoungGen      total 404992K, used 25846K [0x00000000d5580000, 0x00000000f0e00000, 0x0000000100000000)
  eden space 378880K, 0% used [0x00000000d5580000,0x00000000d5580000,0x00000000ec780000)
  from space 26112K, 98% used [0x00000000ef480000,0x00000000f0dbda10,0x00000000f0e00000)
  to   space 29696K, 0% used [0x00000000ed400000,0x00000000ed400000,0x00000000ef100000)
 ParOldGen       total 146432K, used 36283K [0x0000000080000000, 0x0000000088f00000, 0x00000000d5580000)
  object space 146432K, 24% used [0x0000000080000000,0x000000008236ef90,0x0000000088f00000)
 Metaspace       used 72196K, capacity 75142K, committed 75304K, reserved 1114112K
  class space    used 9874K, capacity 10448K, committed 10536K, reserved 1048576K
}
Event: 571.383 GC heap before
{Heap before GC invocations=14 (full 3):
 PSYoungGen      total 404992K, used 404726K [0x00000000d5580000, 0x00000000f0e00000, 0x0000000100000000)
  eden space 378880K, 100% used [0x00000000d5580000,0x00000000ec780000,0x00000000ec780000)
  from space 26112K, 98% used [0x00000000ef480000,0x00000000f0dbda10,0x00000000f0e00000)
  to   space 29696K, 0% used [0x00000000ed400000,0x00000000ed400000,0x00000000ef100000)
 ParOldGen       total 146432K, used 36283K [0x0000000080000000, 0x0000000088f00000, 0x00000000d5580000)
  object space 146432K, 24% used [0x0000000080000000,0x000000008236ef90,0x0000000088f00000)
 Metaspace       used 82694K, capacity 86434K, committed 86696K, reserved 1124352K
  class space    used 10916K, capacity 11655K, committed 11688K, reserved 1048576K
Event: 571.427 GC heap after
Heap after GC invocations=14 (full 3):
 PSYoungGen      total 408576K, used 29671K [0x00000000d5580000, 0x00000000f0e00000, 0x0000000100000000)
  eden space 378880K, 0% used [0x00000000d5580000,0x00000000d5580000,0x00000000ec780000)
  from space 29696K, 99% used [0x00000000ed400000,0x00000000ef0f9fd0,0x00000000ef100000)
  to   space 26112K, 0% used [0x00000000ef480000,0x00000000ef480000,0x00000000f0e00000)
 ParOldGen       total 146432K, used 40199K [0x0000000080000000, 0x0000000088f00000, 0x00000000d5580000)
  object space 146432K, 27% used [0x0000000080000000,0x0000000082741f28,0x0000000088f00000)
 Metaspace       used 82694K, capacity 86434K, committed 86696K, reserved 1124352K
  class space    used 10916K, capacity 11655K, committed 11688K, reserved 1048576K
}

