# JRE version: OpenJDK Runtime Environment (8.0_242-b01) (build 1.8.0_242-release-1644-b01)
# Java VM: OpenJDK 64-Bit Server VM (25.242-b01 mixed mode windows-amd64 compressed oops)
Heap:
 PSYoungGen      total 70656K, used 61626K [0x00000000d6780000, 0x00000000db180000, 0x0000000100000000)
  eden space 65536K, 86% used [0x00000000d6780000,0x00000000d9eb1250,0x00000000da780000)
  from space 5120K, 99% used [0x00000000dac80000,0x00000000db17d930,0x00000000db180000)
  to   space 5120K, 29% used [0x00000000da780000,0x00000000da8fa010,0x00000000dac80000)
 ParOldGen       total 67072K, used 32641K [0x0000000083600000, 0x0000000087780000, 0x00000000d6780000)
  object space 67072K, 48% used [0x0000000083600000,0x00000000855e0750,0x0000000087780000)
 Metaspace       used 43140K, capacity 43862K, committed 44160K, reserved 1091584K
  class space    used 5302K, capacity 5474K, committed 5504K, reserved 1048576K
GC Heap History (10 events):
Event: 1.054 GC heap before
{Heap before GC invocations=4 (full 1):
 PSYoungGen      total 70656K, used 5105K [0x00000000d6780000, 0x00000000db180000, 0x0000000100000000)
  eden space 65536K, 0% used [0x00000000d6780000,0x00000000d6780000,0x00000000da780000)
  from space 5120K, 99% used [0x00000000da780000,0x00000000dac7c610,0x00000000dac80000)
  to   space 5120K, 0% used [0x00000000dac80000,0x00000000dac80000,0x00000000db180000)
 ParOldGen       total 86016K, used 12123K [0x0000000083600000, 0x0000000088a00000, 0x00000000d6780000)
  object space 86016K, 14% used [0x0000000083600000,0x00000000841d6e90,0x0000000088a00000)
 Metaspace       used 20829K, capacity 21212K, committed 21248K, reserved 1069056K
  class space    used 2444K, capacity 2558K, committed 2560K, reserved 1048576K
Event: 1.084 GC heap after
Heap after GC invocations=4 (full 1):
 PSYoungGen      total 70656K, used 0K [0x00000000d6780000, 0x00000000db180000, 0x0000000100000000)
  eden space 65536K, 0% used [0x00000000d6780000,0x00000000d6780000,0x00000000da780000)
  from space 5120K, 0% used [0x00000000da780000,0x00000000da780000,0x00000000dac80000)
  to   space 5120K, 0% used [0x00000000dac80000,0x00000000dac80000,0x00000000db180000)
 ParOldGen       total 67072K, used 9554K [0x0000000083600000, 0x0000000087780000, 0x00000000d6780000)
  object space 67072K, 14% used [0x0000000083600000,0x0000000083f54928,0x0000000087780000)
 Metaspace       used 20829K, capacity 21212K, committed 21248K, reserved 1069056K
  class space    used 2444K, capacity 2558K, committed 2560K, reserved 1048576K
}
Event: 1.792 GC heap before
{Heap before GC invocations=5 (full 1):
 PSYoungGen      total 70656K, used 65536K [0x00000000d6780000, 0x00000000db180000, 0x0000000100000000)
  eden space 65536K, 100% used [0x00000000d6780000,0x00000000da780000,0x00000000da780000)
  from space 5120K, 0% used [0x00000000da780000,0x00000000da780000,0x00000000dac80000)
  to   space 5120K, 0% used [0x00000000dac80000,0x00000000dac80000,0x00000000db180000)
 ParOldGen       total 67072K, used 9554K [0x0000000083600000, 0x0000000087780000, 0x00000000d6780000)
  object space 67072K, 14% used [0x0000000083600000,0x0000000083f54928,0x0000000087780000)
 Metaspace       used 29275K, capacity 29813K, committed 30080K, reserved 1075200K
  class space    used 3536K, capacity 3706K, committed 3712K, reserved 1048576K
Event: 1.805 GC heap after
Heap after GC invocations=5 (full 1):
 PSYoungGen      total 70656K, used 5115K [0x00000000d6780000, 0x00000000db180000, 0x0000000100000000)
  eden space 65536K, 0% used [0x00000000d6780000,0x00000000d6780000,0x00000000da780000)
  from space 5120K, 99% used [0x00000000dac80000,0x00000000db17eea0,0x00000000db180000)
  to   space 5120K, 0% used [0x00000000da780000,0x00000000da780000,0x00000000dac80000)
 ParOldGen       total 67072K, used 19835K [0x0000000083600000, 0x0000000087780000, 0x00000000d6780000)
  object space 67072K, 29% used [0x0000000083600000,0x000000008495ecd0,0x0000000087780000)
 Metaspace       used 29275K, capacity 29813K, committed 30080K, reserved 1075200K
  class space    used 3536K, capacity 3706K, committed 3712K, reserved 1048576K
}
Event: 2.139 GC heap before
{Heap before GC invocations=6 (full 1):
 PSYoungGen      total 70656K, used 32640K [0x00000000d6780000, 0x00000000db180000, 0x0000000100000000)
  eden space 65536K, 41% used [0x00000000d6780000,0x00000000d8261268,0x00000000da780000)
  from space 5120K, 99% used [0x00000000dac80000,0x00000000db17eea0,0x00000000db180000)
  to   space 5120K, 0% used [0x00000000da780000,0x00000000da780000,0x00000000dac80000)
 ParOldGen       total 67072K, used 19835K [0x0000000083600000, 0x0000000087780000, 0x00000000d6780000)
  object space 67072K, 29% used [0x0000000083600000,0x000000008495ecd0,0x0000000087780000)
 Metaspace       used 34560K, capacity 35136K, committed 35416K, reserved 1081344K
  class space    used 4414K, capacity 4579K, committed 4608K, reserved 1048576K
Event: 2.145 GC heap after
Heap after GC invocations=6 (full 1):
 PSYoungGen      total 70656K, used 5091K [0x00000000d6780000, 0x00000000db180000, 0x0000000100000000)
  eden space 65536K, 0% used [0x00000000d6780000,0x00000000d6780000,0x00000000da780000)
  from space 5120K, 99% used [0x00000000da780000,0x00000000dac78c70,0x00000000dac80000)
  to   space 5120K, 0% used [0x00000000dac80000,0x00000000dac80000,0x00000000db180000)
 ParOldGen       total 67072K, used 26751K [0x0000000083600000, 0x0000000087780000, 0x00000000d6780000)
  object space 67072K, 39% used [0x0000000083600000,0x000000008501fc38,0x0000000087780000)
 Metaspace       used 34560K, capacity 35136K, committed 35416K, reserved 1081344K
  class space    used 4414K, capacity 4579K, committed 4608K, reserved 1048576K
}
Event: 2.145 GC heap before
{Heap before GC invocations=7 (full 2):
 PSYoungGen      total 70656K, used 5091K [0x00000000d6780000, 0x00000000db180000, 0x0000000100000000)
  eden space 65536K, 0% used [0x00000000d6780000,0x00000000d6780000,0x00000000da780000)
  from space 5120K, 99% used [0x00000000da780000,0x00000000dac78c70,0x00000000dac80000)
  to   space 5120K, 0% used [0x00000000dac80000,0x00000000dac80000,0x00000000db180000)
 ParOldGen       total 67072K, used 26751K [0x0000000083600000, 0x0000000087780000, 0x00000000d6780000)
  object space 67072K, 39% used [0x0000000083600000,0x000000008501fc38,0x0000000087780000)
 Metaspace       used 34560K, capacity 35136K, committed 35416K, reserved 1081344K
  class space    used 4414K, capacity 4579K, committed 4608K, reserved 1048576K
Event: 2.205 GC heap after
Heap after GC invocations=7 (full 2):
 PSYoungGen      total 70656K, used 0K [0x00000000d6780000, 0x00000000db180000, 0x0000000100000000)
  eden space 65536K, 0% used [0x00000000d6780000,0x00000000d6780000,0x00000000da780000)
  from space 5120K, 0% used [0x00000000da780000,0x00000000da780000,0x00000000dac80000)
  to   space 5120K, 0% used [0x00000000dac80000,0x00000000dac80000,0x00000000db180000)
 ParOldGen       total 67072K, used 19744K [0x0000000083600000, 0x0000000087780000, 0x00000000d6780000)
  object space 67072K, 29% used [0x0000000083600000,0x0000000084948218,0x0000000087780000)
 Metaspace       used 34560K, capacity 35136K, committed 35416K, reserved 1081344K
  class space    used 4414K, capacity 4579K, committed 4608K, reserved 1048576K
}
Event: 3.057 GC heap before
{Heap before GC invocations=8 (full 2):
 PSYoungGen      total 70656K, used 65536K [0x00000000d6780000, 0x00000000db180000, 0x0000000100000000)
  eden space 65536K, 100% used [0x00000000d6780000,0x00000000da780000,0x00000000da780000)
  from space 5120K, 0% used [0x00000000da780000,0x00000000da780000,0x00000000dac80000)
  to   space 5120K, 0% used [0x00000000dac80000,0x00000000dac80000,0x00000000db180000)
 ParOldGen       total 67072K, used 19744K [0x0000000083600000, 0x0000000087780000, 0x00000000d6780000)
  object space 67072K, 29% used [0x0000000083600000,0x0000000084948218,0x0000000087780000)
 Metaspace       used 41049K, capacity 41778K, committed 42240K, reserved 1085440K
  class space    used 5109K, capacity 5274K, committed 5376K, reserved 1048576K
Event: 3.071 GC heap after
Heap after GC invocations=8 (full 2):
 PSYoungGen      total 70656K, used 5110K [0x00000000d6780000, 0x00000000db180000, 0x0000000100000000)
  eden space 65536K, 0% used [0x00000000d6780000,0x00000000d6780000,0x00000000da780000)
  from space 5120K, 99% used [0x00000000dac80000,0x00000000db17d930,0x00000000db180000)
  to   space 5120K, 0% used [0x00000000da780000,0x00000000da780000,0x00000000dac80000)
 ParOldGen       total 67072K, used 32641K [0x0000000083600000, 0x0000000087780000, 0x00000000d6780000)
  object space 67072K, 48% used [0x0000000083600000,0x00000000855e0750,0x0000000087780000)
 Metaspace       used 41049K, capacity 41778K, committed 42240K, reserved 1085440K
  class space    used 5109K, capacity 5274K, committed 5376K, reserved 1048576K
}

