# JRE version: OpenJDK Runtime Environment (8.0_242-b01) (build 1.8.0_242-release-1644-b01)
# Java VM: OpenJDK 64-Bit Server VM (25.242-b01 mixed mode windows-amd64 compressed oops)
Heap:
 PSYoungGen      total 178176K, used 123601K [0x00000000d5580000, 0x00000000e1880000, 0x0000000100000000)
  eden space 165376K, 67% used [0x00000000d5580000,0x00000000dc1b8168,0x00000000df700000)
  from space 12800K, 99% used [0x00000000e0700000,0x00000000e137c310,0x00000000e1380000)
  to   space 16384K, 0% used [0x00000000df700000,0x00000000df700000,0x00000000e0700000)
 ParOldGen       total 77824K, used 22865K [0x0000000080000000, 0x0000000084c00000, 0x00000000d5580000)
  object space 77824K, 29% used [0x0000000080000000,0x0000000081654618,0x0000000084c00000)
 Metaspace       used 51728K, capacity 53462K, committed 53592K, reserved 1095680K
  class space    used 6872K, capacity 7277K, committed 7296K, reserved 1048576K
GC Heap History (10 events):
Event: 3.911 GC heap before
{Heap before GC invocations=8 (full 1):
 PSYoungGen      total 75776K, used 4149K [0x00000000d5580000, 0x00000000de980000, 0x0000000100000000)
  eden space 64512K, 0% used [0x00000000d5580000,0x00000000d5580000,0x00000000d9480000)
  from space 11264K, 36% used [0x00000000d9480000,0x00000000d988d488,0x00000000d9f80000)
  to   space 11264K, 0% used [0x00000000dde80000,0x00000000dde80000,0x00000000de980000)
 ParOldGen       total 86016K, used 9021K [0x0000000080000000, 0x0000000085400000, 0x00000000d5580000)
  object space 86016K, 10% used [0x0000000080000000,0x00000000808cf580,0x0000000085400000)
 Metaspace       used 20593K, capacity 21208K, committed 21248K, reserved 1067008K
  class space    used 2872K, capacity 3056K, committed 3072K, reserved 1048576K
Event: 3.963 GC heap after
Heap after GC invocations=8 (full 1):
 PSYoungGen      total 75776K, used 0K [0x00000000d5580000, 0x00000000de980000, 0x0000000100000000)
  eden space 64512K, 0% used [0x00000000d5580000,0x00000000d5580000,0x00000000d9480000)
  from space 11264K, 0% used [0x00000000d9480000,0x00000000d9480000,0x00000000d9f80000)
  to   space 11264K, 0% used [0x00000000dde80000,0x00000000dde80000,0x00000000de980000)
 ParOldGen       total 50176K, used 7195K [0x0000000080000000, 0x0000000083100000, 0x00000000d5580000)
  object space 50176K, 14% used [0x0000000080000000,0x0000000080706e40,0x0000000083100000)
 Metaspace       used 20593K, capacity 21208K, committed 21248K, reserved 1067008K
  class space    used 2872K, capacity 3056K, committed 3072K, reserved 1048576K
}
Event: 4.944 GC heap before
{Heap before GC invocations=9 (full 1):
 PSYoungGen      total 75776K, used 64512K [0x00000000d5580000, 0x00000000de980000, 0x0000000100000000)
  eden space 64512K, 100% used [0x00000000d5580000,0x00000000d9480000,0x00000000d9480000)
  from space 11264K, 0% used [0x00000000d9480000,0x00000000d9480000,0x00000000d9f80000)
  to   space 11264K, 0% used [0x00000000dde80000,0x00000000dde80000,0x00000000de980000)
 ParOldGen       total 50176K, used 7195K [0x0000000080000000, 0x0000000083100000, 0x00000000d5580000)
  object space 50176K, 14% used [0x0000000080000000,0x0000000080706e40,0x0000000083100000)
 Metaspace       used 28261K, capacity 28992K, committed 29312K, reserved 1075200K
  class space    used 3898K, capacity 4131K, committed 4224K, reserved 1048576K
Event: 4.958 GC heap after
Heap after GC invocations=9 (full 1):
 PSYoungGen      total 123904K, used 7936K [0x00000000d5580000, 0x00000000de680000, 0x0000000100000000)
  eden space 115712K, 0% used [0x00000000d5580000,0x00000000d5580000,0x00000000dc680000)
  from space 8192K, 96% used [0x00000000dde80000,0x00000000de6402c8,0x00000000de680000)
  to   space 11264K, 0% used [0x00000000dd080000,0x00000000dd080000,0x00000000ddb80000)
 ParOldGen       total 50176K, used 7203K [0x0000000080000000, 0x0000000083100000, 0x00000000d5580000)
  object space 50176K, 14% used [0x0000000080000000,0x0000000080708e40,0x0000000083100000)
 Metaspace       used 28261K, capacity 28992K, committed 29312K, reserved 1075200K
  class space    used 3898K, capacity 4131K, committed 4224K, reserved 1048576K
}
Event: 6.028 GC heap before
{Heap before GC invocations=10 (full 1):
 PSYoungGen      total 123904K, used 123403K [0x00000000d5580000, 0x00000000de680000, 0x0000000100000000)
  eden space 115712K, 99% used [0x00000000d5580000,0x00000000dc642b60,0x00000000dc680000)
  from space 8192K, 96% used [0x00000000dde80000,0x00000000de6402c8,0x00000000de680000)
  to   space 11264K, 0% used [0x00000000dd080000,0x00000000dd080000,0x00000000ddb80000)
 ParOldGen       total 50176K, used 7203K [0x0000000080000000, 0x0000000083100000, 0x00000000d5580000)
  object space 50176K, 14% used [0x0000000080000000,0x0000000080708e40,0x0000000083100000)
 Metaspace       used 34393K, capacity 35322K, committed 35416K, reserved 1079296K
  class space    used 4712K, capacity 4970K, committed 4992K, reserved 1048576K
Event: 6.049 GC heap after
Heap after GC invocations=10 (full 1):
 PSYoungGen      total 137216K, used 11259K [0x00000000d5580000, 0x00000000e1380000, 0x0000000100000000)
  eden space 125952K, 0% used [0x00000000d5580000,0x00000000d5580000,0x00000000dd080000)
  from space 11264K, 99% used [0x00000000dd080000,0x00000000ddb7ef38,0x00000000ddb80000)
  to   space 12800K, 0% used [0x00000000e0700000,0x00000000e0700000,0x00000000e1380000)
 ParOldGen       total 50176K, used 7902K [0x0000000080000000, 0x0000000083100000, 0x00000000d5580000)
  object space 50176K, 15% used [0x0000000080000000,0x00000000807b7830,0x0000000083100000)
 Metaspace       used 34393K, capacity 35322K, committed 35416K, reserved 1079296K
  class space    used 4712K, capacity 4970K, committed 4992K, reserved 1048576K
}
Event: 6.049 GC heap before
{Heap before GC invocations=11 (full 2):
 PSYoungGen      total 137216K, used 11259K [0x00000000d5580000, 0x00000000e1380000, 0x0000000100000000)
  eden space 125952K, 0% used [0x00000000d5580000,0x00000000d5580000,0x00000000dd080000)
  from space 11264K, 99% used [0x00000000dd080000,0x00000000ddb7ef38,0x00000000ddb80000)
  to   space 12800K, 0% used [0x00000000e0700000,0x00000000e0700000,0x00000000e1380000)
 ParOldGen       total 50176K, used 7902K [0x0000000080000000, 0x0000000083100000, 0x00000000d5580000)
  object space 50176K, 15% used [0x0000000080000000,0x00000000807b7830,0x0000000083100000)
 Metaspace       used 34393K, capacity 35322K, committed 35416K, reserved 1079296K
  class space    used 4712K, capacity 4970K, committed 4992K, reserved 1048576K
Event: 6.147 GC heap after
Heap after GC invocations=11 (full 2):
 PSYoungGen      total 137216K, used 0K [0x00000000d5580000, 0x00000000e1380000, 0x0000000100000000)
  eden space 125952K, 0% used [0x00000000d5580000,0x00000000d5580000,0x00000000dd080000)
  from space 11264K, 0% used [0x00000000dd080000,0x00000000dd080000,0x00000000ddb80000)
  to   space 12800K, 0% used [0x00000000e0700000,0x00000000e0700000,0x00000000e1380000)
 ParOldGen       total 77824K, used 18656K [0x0000000080000000, 0x0000000084c00000, 0x00000000d5580000)
  object space 77824K, 23% used [0x0000000080000000,0x0000000081238248,0x0000000084c00000)
 Metaspace       used 34393K, capacity 35322K, committed 35416K, reserved 1079296K
  class space    used 4712K, capacity 4970K, committed 4992K, reserved 1048576K
}
Event: 7.978 GC heap before
{Heap before GC invocations=12 (full 2):
 PSYoungGen      total 137216K, used 125952K [0x00000000d5580000, 0x00000000e1380000, 0x0000000100000000)
  eden space 125952K, 100% used [0x00000000d5580000,0x00000000dd080000,0x00000000dd080000)
  from space 11264K, 0% used [0x00000000dd080000,0x00000000dd080000,0x00000000ddb80000)
  to   space 12800K, 0% used [0x00000000e0700000,0x00000000e0700000,0x00000000e1380000)
 ParOldGen       total 77824K, used 18656K [0x0000000080000000, 0x0000000084c00000, 0x00000000d5580000)
  object space 77824K, 23% used [0x0000000080000000,0x0000000081238248,0x0000000084c00000)
 Metaspace       used 44511K, capacity 46072K, committed 46296K, reserved 1089536K
  class space    used 6008K, capacity 6354K, committed 6400K, reserved 1048576K
Event: 7.998 GC heap after
Heap after GC invocations=12 (full 2):
 PSYoungGen      total 178176K, used 12784K [0x00000000d5580000, 0x00000000e1880000, 0x0000000100000000)
  eden space 165376K, 0% used [0x00000000d5580000,0x00000000d5580000,0x00000000df700000)
  from space 12800K, 99% used [0x00000000e0700000,0x00000000e137c310,0x00000000e1380000)
  to   space 16384K, 0% used [0x00000000df700000,0x00000000df700000,0x00000000e0700000)
 ParOldGen       total 77824K, used 22865K [0x0000000080000000, 0x0000000084c00000, 0x00000000d5580000)
  object space 77824K, 29% used [0x0000000080000000,0x0000000081654618,0x0000000084c00000)
 Metaspace       used 44511K, capacity 46072K, committed 46296K, reserved 1089536K
  class space    used 6008K, capacity 6354K, committed 6400K, reserved 1048576K
}

