# JRE version: OpenJDK Runtime Environment (8.0_242-b01) (build 1.8.0_242-release-1644-b01)
# Java VM: OpenJDK 64-Bit Server VM (25.242-b01 mixed mode windows-amd64 compressed oops)
Heap:
 PSYoungGen      total 272896K, used 30511K [0x00000000d5580000, 0x00000000ee580000, 0x0000000100000000)
  eden space 257024K, 11% used [0x00000000d5580000,0x00000000d734bc80,0x00000000e5080000)
  from space 15872K, 0% used [0x00000000e5080000,0x00000000e5080000,0x00000000e6000000)
  to   space 15872K, 0% used [0x00000000ed600000,0x00000000ed600000,0x00000000ee580000)
 ParOldGen       total 57344K, used 16348K [0x0000000080000000, 0x0000000083800000, 0x00000000d5580000)
  object space 57344K, 28% used [0x0000000080000000,0x0000000080ff71b8,0x0000000083800000)
 Metaspace       used 35412K, capacity 36592K, committed 36656K, reserved 1081344K
  class space    used 4854K, capacity 5143K, committed 5168K, reserved 1048576K
GC Heap History (10 events):
Event: 2.286 GC heap before
{Heap before GC invocations=5 (full 0):
 PSYoungGen      total 136192K, used 11981K [0x00000000d5580000, 0x00000000ddf80000, 0x0000000100000000)
  eden space 131072K, 5% used [0x00000000d5580000,0x00000000d5c34db0,0x00000000dd580000)
  from space 5120K, 99% used [0x00000000dda80000,0x00000000ddf7e680,0x00000000ddf80000)
  to   space 5120K, 0% used [0x00000000dd580000,0x00000000dd580000,0x00000000dda80000)
 ParOldGen       total 86016K, used 11208K [0x0000000080000000, 0x0000000085400000, 0x00000000d5580000)
  object space 86016K, 13% used [0x0000000080000000,0x0000000080af2160,0x0000000085400000)
 Metaspace       used 20592K, capacity 21240K, committed 21296K, reserved 1067008K
  class space    used 2877K, capacity 3088K, committed 3120K, reserved 1048576K
Event: 2.292 GC heap after
Heap after GC invocations=5 (full 0):
 PSYoungGen      total 136192K, used 5097K [0x00000000d5580000, 0x00000000e6f80000, 0x0000000100000000)
  eden space 131072K, 0% used [0x00000000d5580000,0x00000000d5580000,0x00000000dd580000)
  from space 5120K, 99% used [0x00000000dd580000,0x00000000dda7a650,0x00000000dda80000)
  to   space 13312K, 0% used [0x00000000e6280000,0x00000000e6280000,0x00000000e6f80000)
 ParOldGen       total 86016K, used 11695K [0x0000000080000000, 0x0000000085400000, 0x00000000d5580000)
  object space 86016K, 13% used [0x0000000080000000,0x0000000080b6bfd0,0x0000000085400000)
 Metaspace       used 20592K, capacity 21240K, committed 21296K, reserved 1067008K
  class space    used 2877K, capacity 3088K, committed 3120K, reserved 1048576K
}
Event: 2.292 GC heap before
{Heap before GC invocations=6 (full 1):
 PSYoungGen      total 136192K, used 5097K [0x00000000d5580000, 0x00000000e6f80000, 0x0000000100000000)
  eden space 131072K, 0% used [0x00000000d5580000,0x00000000d5580000,0x00000000dd580000)
  from space 5120K, 99% used [0x00000000dd580000,0x00000000dda7a650,0x00000000dda80000)
  to   space 13312K, 0% used [0x00000000e6280000,0x00000000e6280000,0x00000000e6f80000)
 ParOldGen       total 86016K, used 11695K [0x0000000080000000, 0x0000000085400000, 0x00000000d5580000)
  object space 86016K, 13% used [0x0000000080000000,0x0000000080b6bfd0,0x0000000085400000)
 Metaspace       used 20592K, capacity 21240K, committed 21296K, reserved 1067008K
  class space    used 2877K, capacity 3088K, committed 3120K, reserved 1048576K
Event: 2.326 GC heap after
Heap after GC invocations=6 (full 1):
 PSYoungGen      total 136192K, used 0K [0x00000000d5580000, 0x00000000e6f80000, 0x0000000100000000)
  eden space 131072K, 0% used [0x00000000d5580000,0x00000000d5580000,0x00000000dd580000)
  from space 5120K, 0% used [0x00000000dd580000,0x00000000dd580000,0x00000000dda80000)
  to   space 13312K, 0% used [0x00000000e6280000,0x00000000e6280000,0x00000000e6f80000)
 ParOldGen       total 57344K, used 7485K [0x0000000080000000, 0x0000000083800000, 0x00000000d5580000)
  object space 57344K, 13% used [0x0000000080000000,0x000000008074f5c8,0x0000000083800000)
 Metaspace       used 20592K, capacity 21240K, committed 21296K, reserved 1067008K
  class space    used 2877K, capacity 3088K, committed 3120K, reserved 1048576K
}
Event: 3.339 GC heap before
{Heap before GC invocations=7 (full 1):
 PSYoungGen      total 136192K, used 131072K [0x00000000d5580000, 0x00000000e6f80000, 0x0000000100000000)
  eden space 131072K, 100% used [0x00000000d5580000,0x00000000dd580000,0x00000000dd580000)
  from space 5120K, 0% used [0x00000000dd580000,0x00000000dd580000,0x00000000dda80000)
  to   space 13312K, 0% used [0x00000000e6280000,0x00000000e6280000,0x00000000e6f80000)
 ParOldGen       total 57344K, used 7485K [0x0000000080000000, 0x0000000083800000, 0x00000000d5580000)
  object space 57344K, 13% used [0x0000000080000000,0x000000008074f5c8,0x0000000083800000)
 Metaspace       used 31983K, capacity 32764K, committed 33072K, reserved 1077248K
  class space    used 4356K, capacity 4578K, committed 4656K, reserved 1048576K
Event: 3.352 GC heap after
Heap after GC invocations=7 (full 1):
 PSYoungGen      total 234496K, used 13283K [0x00000000d5580000, 0x00000000e6f80000, 0x0000000100000000)
  eden space 221184K, 0% used [0x00000000d5580000,0x00000000d5580000,0x00000000e2d80000)
  from space 13312K, 99% used [0x00000000e6280000,0x00000000e6f78d68,0x00000000e6f80000)
  to   space 15872K, 0% used [0x00000000e5080000,0x00000000e5080000,0x00000000e6000000)
 ParOldGen       total 57344K, used 7582K [0x0000000080000000, 0x0000000083800000, 0x00000000d5580000)
  object space 57344K, 13% used [0x0000000080000000,0x0000000080767b60,0x0000000083800000)
 Metaspace       used 31983K, capacity 32764K, committed 33072K, reserved 1077248K
  class space    used 4356K, capacity 4578K, committed 4656K, reserved 1048576K
}
Event: 3.691 GC heap before
{Heap before GC invocations=8 (full 1):
 PSYoungGen      total 234496K, used 65697K [0x00000000d5580000, 0x00000000e6f80000, 0x0000000100000000)
  eden space 221184K, 23% used [0x00000000d5580000,0x00000000d88af908,0x00000000e2d80000)
  from space 13312K, 99% used [0x00000000e6280000,0x00000000e6f78d68,0x00000000e6f80000)
  to   space 15872K, 0% used [0x00000000e5080000,0x00000000e5080000,0x00000000e6000000)
 ParOldGen       total 57344K, used 7582K [0x0000000080000000, 0x0000000083800000, 0x00000000d5580000)
  object space 57344K, 13% used [0x0000000080000000,0x0000000080767b60,0x0000000083800000)
 Metaspace       used 34514K, capacity 35386K, committed 35496K, reserved 1079296K
  class space    used 4728K, capacity 4970K, committed 5040K, reserved 1048576K
Event: 3.707 GC heap after
Heap after GC invocations=8 (full 1):
 PSYoungGen      total 272896K, used 9588K [0x00000000d5580000, 0x00000000ee580000, 0x0000000100000000)
  eden space 257024K, 0% used [0x00000000d5580000,0x00000000d5580000,0x00000000e5080000)
  from space 15872K, 60% used [0x00000000e5080000,0x00000000e59dd340,0x00000000e6000000)
  to   space 15872K, 0% used [0x00000000ed600000,0x00000000ed600000,0x00000000ee580000)
 ParOldGen       total 57344K, used 7590K [0x0000000080000000, 0x0000000083800000, 0x00000000d5580000)
  object space 57344K, 13% used [0x0000000080000000,0x0000000080769b60,0x0000000083800000)
 Metaspace       used 34514K, capacity 35386K, committed 35496K, reserved 1079296K
  class space    used 4728K, capacity 4970K, committed 5040K, reserved 1048576K
}
Event: 3.707 GC heap before
{Heap before GC invocations=9 (full 2):
 PSYoungGen      total 272896K, used 9588K [0x00000000d5580000, 0x00000000ee580000, 0x0000000100000000)
  eden space 257024K, 0% used [0x00000000d5580000,0x00000000d5580000,0x00000000e5080000)
  from space 15872K, 60% used [0x00000000e5080000,0x00000000e59dd340,0x00000000e6000000)
  to   space 15872K, 0% used [0x00000000ed600000,0x00000000ed600000,0x00000000ee580000)
 ParOldGen       total 57344K, used 7590K [0x0000000080000000, 0x0000000083800000, 0x00000000d5580000)
  object space 57344K, 13% used [0x0000000080000000,0x0000000080769b60,0x0000000083800000)
 Metaspace       used 34514K, capacity 35386K, committed 35496K, reserved 1079296K
  class space    used 4728K, capacity 4970K, committed 5040K, reserved 1048576K
Event: 3.794 GC heap after
Heap after GC invocations=9 (full 2):
 PSYoungGen      total 272896K, used 0K [0x00000000d5580000, 0x00000000ee580000, 0x0000000100000000)
  eden space 257024K, 0% used [0x00000000d5580000,0x00000000d5580000,0x00000000e5080000)
  from space 15872K, 0% used [0x00000000e5080000,0x00000000e5080000,0x00000000e6000000)
  to   space 15872K, 0% used [0x00000000ed600000,0x00000000ed600000,0x00000000ee580000)
 ParOldGen       total 57344K, used 16348K [0x0000000080000000, 0x0000000083800000, 0x00000000d5580000)
  object space 57344K, 28% used [0x0000000080000000,0x0000000080ff71b8,0x0000000083800000)
 Metaspace       used 34514K, capacity 35386K, committed 35496K, reserved 1079296K
  class space    used 4728K, capacity 4970K, committed 5040K, reserved 1048576K
}

