# JRE version: OpenJDK Runtime Environment (8.0_242-b01) (build 1.8.0_242-release-1644-b01)
# Java VM: OpenJDK 64-Bit Server VM (25.242-b01 mixed mode windows-amd64 compressed oops)
Heap:
 PSYoungGen      total 233472K, used 109803K [0x00000000d5580000, 0x00000000e5b80000, 0x0000000100000000)
  eden space 216064K, 42% used [0x00000000d5580000,0x00000000dafe2e78,0x00000000e2880000)
  from space 17408K, 99% used [0x00000000e4a80000,0x00000000e5b57ec0,0x00000000e5b80000)
  to   space 24064K, 0% used [0x00000000e2c80000,0x00000000e2c80000,0x00000000e4400000)
 ParOldGen       total 116736K, used 40568K [0x0000000080000000, 0x0000000087200000, 0x00000000d5580000)
  object space 116736K, 34% used [0x0000000080000000,0x000000008279e1b0,0x0000000087200000)
 Metaspace       used 65840K, capacity 68508K, committed 68632K, reserved 1107968K
  class space    used 8922K, capacity 9473K, committed 9520K, reserved 1048576K
GC Heap History (10 events):
Event: 5.538 GC heap before
{Heap before GC invocations=11 (full 2):
 PSYoungGen      total 137216K, used 11232K [0x00000000d5580000, 0x00000000e1a80000, 0x0000000100000000)
  eden space 125952K, 0% used [0x00000000d5580000,0x00000000d5580000,0x00000000dd080000)
  from space 11264K, 99% used [0x00000000dd080000,0x00000000ddb780e8,0x00000000ddb80000)
  to   space 13312K, 0% used [0x00000000e0d80000,0x00000000e0d80000,0x00000000e1a80000)
 ParOldGen       total 49152K, used 8114K [0x0000000080000000, 0x0000000083000000, 0x00000000d5580000)
  object space 49152K, 16% used [0x0000000080000000,0x00000000807ec900,0x0000000083000000)
 Metaspace       used 34460K, capacity 35386K, committed 35496K, reserved 1079296K
  class space    used 4719K, capacity 4970K, committed 5040K, reserved 1048576K
Event: 5.605 GC heap after
Heap after GC invocations=11 (full 2):
 PSYoungGen      total 137216K, used 0K [0x00000000d5580000, 0x00000000e1a80000, 0x0000000100000000)
  eden space 125952K, 0% used [0x00000000d5580000,0x00000000d5580000,0x00000000dd080000)
  from space 11264K, 0% used [0x00000000dd080000,0x00000000dd080000,0x00000000ddb80000)
  to   space 13312K, 0% used [0x00000000e0d80000,0x00000000e0d80000,0x00000000e1a80000)
 ParOldGen       total 74240K, used 18762K [0x0000000080000000, 0x0000000084880000, 0x00000000d5580000)
  object space 74240K, 25% used [0x0000000080000000,0x0000000081252a20,0x0000000084880000)
 Metaspace       used 34460K, capacity 35386K, committed 35496K, reserved 1079296K
  class space    used 4719K, capacity 4970K, committed 5040K, reserved 1048576K
}
Event: 7.737 GC heap before
{Heap before GC invocations=12 (full 2):
 PSYoungGen      total 137216K, used 125952K [0x00000000d5580000, 0x00000000e1a80000, 0x0000000100000000)
  eden space 125952K, 100% used [0x00000000d5580000,0x00000000dd080000,0x00000000dd080000)
  from space 11264K, 0% used [0x00000000dd080000,0x00000000dd080000,0x00000000ddb80000)
  to   space 13312K, 0% used [0x00000000e0d80000,0x00000000e0d80000,0x00000000e1a80000)
 ParOldGen       total 74240K, used 18762K [0x0000000080000000, 0x0000000084880000, 0x00000000d5580000)
  object space 74240K, 25% used [0x0000000080000000,0x0000000081252a20,0x0000000084880000)
 Metaspace       used 44705K, capacity 46280K, committed 46376K, reserved 1089536K
  class space    used 6037K, capacity 6400K, committed 6448K, reserved 1048576K
Event: 7.751 GC heap after
Heap after GC invocations=12 (full 2):
 PSYoungGen      total 184320K, used 13287K [0x00000000d5580000, 0x00000000e1b80000, 0x0000000100000000)
  eden space 171008K, 0% used [0x00000000d5580000,0x00000000d5580000,0x00000000dfc80000)
  from space 13312K, 99% used [0x00000000e0d80000,0x00000000e1a79f98,0x00000000e1a80000)
  to   space 15872K, 0% used [0x00000000dfc80000,0x00000000dfc80000,0x00000000e0c00000)
 ParOldGen       total 74240K, used 22040K [0x0000000080000000, 0x0000000084880000, 0x00000000d5580000)
  object space 74240K, 29% used [0x0000000080000000,0x0000000081586058,0x0000000084880000)
 Metaspace       used 44705K, capacity 46280K, committed 46376K, reserved 1089536K
  class space    used 6037K, capacity 6400K, committed 6448K, reserved 1048576K
}
Event: 10.173 GC heap before
{Heap before GC invocations=13 (full 2):
 PSYoungGen      total 184320K, used 183633K [0x00000000d5580000, 0x00000000e1b80000, 0x0000000100000000)
  eden space 171008K, 99% used [0x00000000d5580000,0x00000000dfbda608,0x00000000dfc80000)
  from space 13312K, 99% used [0x00000000e0d80000,0x00000000e1a79f98,0x00000000e1a80000)
  to   space 15872K, 0% used [0x00000000dfc80000,0x00000000dfc80000,0x00000000e0c00000)
 ParOldGen       total 74240K, used 22040K [0x0000000080000000, 0x0000000084880000, 0x00000000d5580000)
  object space 74240K, 29% used [0x0000000080000000,0x0000000081586058,0x0000000084880000)
 Metaspace       used 57011K, capacity 59030K, committed 59160K, reserved 1099776K
  class space    used 7696K, capacity 8157K, committed 8240K, reserved 1048576K
Event: 10.205 GC heap after
Heap after GC invocations=13 (full 2):
 PSYoungGen      total 186880K, used 15868K [0x00000000d5580000, 0x00000000e6080000, 0x0000000100000000)
  eden space 171008K, 0% used [0x00000000d5580000,0x00000000d5580000,0x00000000dfc80000)
  from space 15872K, 99% used [0x00000000dfc80000,0x00000000e0bff318,0x00000000e0c00000)
  to   space 22528K, 0% used [0x00000000e4a80000,0x00000000e4a80000,0x00000000e6080000)
 ParOldGen       total 74240K, used 34290K [0x0000000080000000, 0x0000000084880000, 0x00000000d5580000)
  object space 74240K, 46% used [0x0000000080000000,0x000000008217c9f8,0x0000000084880000)
 Metaspace       used 57011K, capacity 59030K, committed 59160K, reserved 1099776K
  class space    used 7696K, capacity 8157K, committed 8240K, reserved 1048576K
}
Event: 10.205 GC heap before
{Heap before GC invocations=14 (full 3):
 PSYoungGen      total 186880K, used 15868K [0x00000000d5580000, 0x00000000e6080000, 0x0000000100000000)
  eden space 171008K, 0% used [0x00000000d5580000,0x00000000d5580000,0x00000000dfc80000)
  from space 15872K, 99% used [0x00000000dfc80000,0x00000000e0bff318,0x00000000e0c00000)
  to   space 22528K, 0% used [0x00000000e4a80000,0x00000000e4a80000,0x00000000e6080000)
 ParOldGen       total 74240K, used 34290K [0x0000000080000000, 0x0000000084880000, 0x00000000d5580000)
  object space 74240K, 46% used [0x0000000080000000,0x000000008217c9f8,0x0000000084880000)
 Metaspace       used 57011K, capacity 59030K, committed 59160K, reserved 1099776K
  class space    used 7696K, capacity 8157K, committed 8240K, reserved 1048576K
Event: 10.406 GC heap after
Heap after GC invocations=14 (full 3):
 PSYoungGen      total 186880K, used 0K [0x00000000d5580000, 0x00000000e6080000, 0x0000000100000000)
  eden space 171008K, 0% used [0x00000000d5580000,0x00000000d5580000,0x00000000dfc80000)
  from space 15872K, 0% used [0x00000000dfc80000,0x00000000dfc80000,0x00000000e0c00000)
  to   space 22528K, 0% used [0x00000000e4a80000,0x00000000e4a80000,0x00000000e6080000)
 ParOldGen       total 116736K, used 40560K [0x0000000080000000, 0x0000000087200000, 0x00000000d5580000)
  object space 116736K, 34% used [0x0000000080000000,0x000000008279c1b0,0x0000000087200000)
 Metaspace       used 57005K, capacity 59006K, committed 59160K, reserved 1099776K
  class space    used 7694K, capacity 8153K, committed 8240K, reserved 1048576K
}
Event: 13.776 GC heap before
{Heap before GC invocations=15 (full 3):
 PSYoungGen      total 186880K, used 171008K [0x00000000d5580000, 0x00000000e6080000, 0x0000000100000000)
  eden space 171008K, 100% used [0x00000000d5580000,0x00000000dfc80000,0x00000000dfc80000)
  from space 15872K, 0% used [0x00000000dfc80000,0x00000000dfc80000,0x00000000e0c00000)
  to   space 22528K, 0% used [0x00000000e4a80000,0x00000000e4a80000,0x00000000e6080000)
 ParOldGen       total 116736K, used 40560K [0x0000000080000000, 0x0000000087200000, 0x00000000d5580000)
  object space 116736K, 34% used [0x0000000080000000,0x000000008279c1b0,0x0000000087200000)
 Metaspace       used 64601K, capacity 67240K, committed 67480K, reserved 1107968K
  class space    used 8766K, capacity 9299K, committed 9392K, reserved 1048576K
Event: 13.806 GC heap after
Heap after GC invocations=15 (full 3):
 PSYoungGen      total 233472K, used 17247K [0x00000000d5580000, 0x00000000e5b80000, 0x0000000100000000)
  eden space 216064K, 0% used [0x00000000d5580000,0x00000000d5580000,0x00000000e2880000)
  from space 17408K, 99% used [0x00000000e4a80000,0x00000000e5b57ec0,0x00000000e5b80000)
  to   space 24064K, 0% used [0x00000000e2c80000,0x00000000e2c80000,0x00000000e4400000)
 ParOldGen       total 116736K, used 40568K [0x0000000080000000, 0x0000000087200000, 0x00000000d5580000)
  object space 116736K, 34% used [0x0000000080000000,0x000000008279e1b0,0x0000000087200000)
 Metaspace       used 64601K, capacity 67240K, committed 67480K, reserved 1107968K
  class space    used 8766K, capacity 9299K, committed 9392K, reserved 1048576K
}

