# JRE version: OpenJDK Runtime Environment (8.0_242-b01) (build 1.8.0_242-release-1644-b01)
# Java VM: OpenJDK 64-Bit Server VM (25.242-b01 mixed mode windows-amd64 compressed oops)
Heap:
 PSYoungGen      total 629248K, used 378047K [0x00000000d5580000, 0x0000000100000000, 0x0000000100000000)
  eden space 582144K, 56% used [0x00000000d5580000,0x00000000e98b16d8,0x00000000f8e00000)
  from space 47104K, 99% used [0x00000000fcc80000,0x00000000ffa7e670,0x00000000ffa80000)
  to   space 58368K, 0% used [0x00000000f8e00000,0x00000000f8e00000,0x00000000fc700000)
 ParOldGen       total 216576K, used 77891K [0x0000000080000000, 0x000000008d380000, 0x00000000d5580000)
  object space 216576K, 35% used [0x0000000080000000,0x0000000084c10ef8,0x000000008d380000)
 Metaspace       used 118912K, capacity 124634K, committed 124696K, reserved 1157120K
  class space    used 15274K, capacity 16386K, committed 16432K, reserved 1048576K
GC Heap History (10 events):
Event: 92.925 GC heap before
{Heap before GC invocations=16 (full 4):
 PSYoungGen      total 492032K, used 26289K [0x00000000d5580000, 0x00000000f6700000, 0x0000000100000000)
  eden space 457728K, 0% used [0x00000000d5580000,0x00000000d5580000,0x00000000f1480000)
  from space 34304K, 76% used [0x00000000f3880000,0x00000000f522c4b8,0x00000000f5a00000)
  to   space 36864K, 0% used [0x00000000f1480000,0x00000000f1480000,0x00000000f3880000)
 ParOldGen       total 143872K, used 55128K [0x0000000080000000, 0x0000000088c80000, 0x00000000d5580000)
  object space 143872K, 38% used [0x0000000080000000,0x00000000835d6250,0x0000000088c80000)
 Metaspace       used 94228K, capacity 98350K, committed 98584K, reserved 1134592K
  class space    used 12271K, capacity 13102K, committed 13104K, reserved 1048576K
Event: 93.195 GC heap after
Heap after GC invocations=16 (full 4):
 PSYoungGen      total 492032K, used 0K [0x00000000d5580000, 0x00000000f6700000, 0x0000000100000000)
  eden space 457728K, 0% used [0x00000000d5580000,0x00000000d5580000,0x00000000f1480000)
  from space 34304K, 0% used [0x00000000f3880000,0x00000000f3880000,0x00000000f5a00000)
  to   space 36864K, 0% used [0x00000000f1480000,0x00000000f1480000,0x00000000f3880000)
 ParOldGen       total 216576K, used 65169K [0x0000000080000000, 0x000000008d380000, 0x00000000d5580000)
  object space 216576K, 30% used [0x0000000080000000,0x0000000083fa46e8,0x000000008d380000)
 Metaspace       used 94094K, capacity 97984K, committed 98584K, reserved 1134592K
  class space    used 12230K, capacity 13011K, committed 13104K, reserved 1048576K
}
Event: 104.191 GC heap before
{Heap before GC invocations=17 (full 4):
 PSYoungGen      total 492032K, used 457728K [0x00000000d5580000, 0x00000000f6700000, 0x0000000100000000)
  eden space 457728K, 100% used [0x00000000d5580000,0x00000000f1480000,0x00000000f1480000)
  from space 34304K, 0% used [0x00000000f3880000,0x00000000f3880000,0x00000000f5a00000)
  to   space 36864K, 0% used [0x00000000f1480000,0x00000000f1480000,0x00000000f3880000)
 ParOldGen       total 216576K, used 65169K [0x0000000080000000, 0x000000008d380000, 0x00000000d5580000)
  object space 216576K, 30% used [0x0000000080000000,0x0000000083fa46e8,0x000000008d380000)
 Metaspace       used 107287K, capacity 111952K, committed 112024K, reserved 1146880K
  class space    used 14067K, capacity 14995K, committed 15024K, reserved 1048576K
Event: 104.239 GC heap after
Heap after GC invocations=17 (full 4):
 PSYoungGen      total 494592K, used 36852K [0x00000000d5580000, 0x00000000faf00000, 0x0000000100000000)
  eden space 457728K, 0% used [0x00000000d5580000,0x00000000d5580000,0x00000000f1480000)
  from space 36864K, 99% used [0x00000000f1480000,0x00000000f387d3d0,0x00000000f3880000)
  to   space 43520K, 0% used [0x00000000f8480000,0x00000000f8480000,0x00000000faf00000)
 ParOldGen       total 216576K, used 67462K [0x0000000080000000, 0x000000008d380000, 0x00000000d5580000)
  object space 216576K, 31% used [0x0000000080000000,0x00000000841e1a00,0x000000008d380000)
 Metaspace       used 107287K, capacity 111952K, committed 112024K, reserved 1146880K
  class space    used 14067K, capacity 14995K, committed 15024K, reserved 1048576K
}
Event: 106.388 GC heap before
{Heap before GC invocations=18 (full 4):
 PSYoungGen      total 494592K, used 494580K [0x00000000d5580000, 0x00000000faf00000, 0x0000000100000000)
  eden space 457728K, 100% used [0x00000000d5580000,0x00000000f1480000,0x00000000f1480000)
  from space 36864K, 99% used [0x00000000f1480000,0x00000000f387d3d0,0x00000000f3880000)
  to   space 43520K, 0% used [0x00000000f8480000,0x00000000f8480000,0x00000000faf00000)
 ParOldGen       total 216576K, used 67462K [0x0000000080000000, 0x000000008d380000, 0x00000000d5580000)
  object space 216576K, 31% used [0x0000000080000000,0x00000000841e1a00,0x000000008d380000)
 Metaspace       used 107846K, capacity 112564K, committed 112920K, reserved 1146880K
  class space    used 14090K, capacity 15033K, committed 15152K, reserved 1048576K
Event: 106.407 GC heap after
Heap after GC invocations=18 (full 4):
 PSYoungGen      total 562176K, used 21597K [0x00000000d5580000, 0x00000000fa880000, 0x0000000100000000)
  eden space 525312K, 0% used [0x00000000d5580000,0x00000000d5580000,0x00000000f5680000)
  from space 36864K, 58% used [0x00000000f8480000,0x00000000f9997708,0x00000000fa880000)
  to   space 41984K, 0% used [0x00000000f5680000,0x00000000f5680000,0x00000000f7f80000)
 ParOldGen       total 216576K, used 67470K [0x0000000080000000, 0x000000008d380000, 0x00000000d5580000)
  object space 216576K, 31% used [0x0000000080000000,0x00000000841e3a00,0x000000008d380000)
 Metaspace       used 107846K, capacity 112564K, committed 112920K, reserved 1146880K
  class space    used 14090K, capacity 15033K, committed 15152K, reserved 1048576K
}
Event: 111.315 GC heap before
{Heap before GC invocations=19 (full 4):
 PSYoungGen      total 562176K, used 546909K [0x00000000d5580000, 0x00000000fa880000, 0x0000000100000000)
  eden space 525312K, 100% used [0x00000000d5580000,0x00000000f5680000,0x00000000f5680000)
  from space 36864K, 58% used [0x00000000f8480000,0x00000000f9997708,0x00000000fa880000)
  to   space 41984K, 0% used [0x00000000f5680000,0x00000000f5680000,0x00000000f7f80000)
 ParOldGen       total 216576K, used 67470K [0x0000000080000000, 0x000000008d380000, 0x00000000d5580000)
  object space 216576K, 31% used [0x0000000080000000,0x00000000841e3a00,0x000000008d380000)
 Metaspace       used 111759K, capacity 116822K, committed 117016K, reserved 1150976K
  class space    used 14592K, capacity 15588K, committed 15664K, reserved 1048576K
Event: 111.358 GC heap after
Heap after GC invocations=19 (full 4):
 PSYoungGen      total 567296K, used 38754K [0x00000000d5580000, 0x00000000ffa80000, 0x0000000100000000)
  eden space 525312K, 0% used [0x00000000d5580000,0x00000000d5580000,0x00000000f5680000)
  from space 41984K, 92% used [0x00000000f5680000,0x00000000f7c58840,0x00000000f7f80000)
  to   space 47104K, 0% used [0x00000000fcc80000,0x00000000fcc80000,0x00000000ffa80000)
 ParOldGen       total 216576K, used 67478K [0x0000000080000000, 0x000000008d380000, 0x00000000d5580000)
  object space 216576K, 31% used [0x0000000080000000,0x00000000841e5a00,0x000000008d380000)
 Metaspace       used 111759K, capacity 116822K, committed 117016K, reserved 1150976K
  class space    used 14592K, capacity 15588K, committed 15664K, reserved 1048576K
}
Event: 910.030 GC heap before
{Heap before GC invocations=20 (full 4):
 PSYoungGen      total 567296K, used 564066K [0x00000000d5580000, 0x00000000ffa80000, 0x0000000100000000)
  eden space 525312K, 100% used [0x00000000d5580000,0x00000000f5680000,0x00000000f5680000)
  from space 41984K, 92% used [0x00000000f5680000,0x00000000f7c58840,0x00000000f7f80000)
  to   space 47104K, 0% used [0x00000000fcc80000,0x00000000fcc80000,0x00000000ffa80000)
 ParOldGen       total 216576K, used 67478K [0x0000000080000000, 0x000000008d380000, 0x00000000d5580000)
  object space 216576K, 31% used [0x0000000080000000,0x00000000841e5a00,0x000000008d380000)
 Metaspace       used 117014K, capacity 122670K, committed 122904K, reserved 1157120K
  class space    used 15093K, capacity 16164K, committed 16176K, reserved 1048576K
Event: 910.107 GC heap after
Heap after GC invocations=20 (full 4):
 PSYoungGen      total 629248K, used 47097K [0x00000000d5580000, 0x0000000100000000, 0x0000000100000000)
  eden space 582144K, 0% used [0x00000000d5580000,0x00000000d5580000,0x00000000f8e00000)
  from space 47104K, 99% used [0x00000000fcc80000,0x00000000ffa7e670,0x00000000ffa80000)
  to   space 58368K, 0% used [0x00000000f8e00000,0x00000000f8e00000,0x00000000fc700000)
 ParOldGen       total 216576K, used 77891K [0x0000000080000000, 0x000000008d380000, 0x00000000d5580000)
  object space 216576K, 35% used [0x0000000080000000,0x0000000084c10ef8,0x000000008d380000)
 Metaspace       used 117014K, capacity 122670K, committed 122904K, reserved 1157120K
  class space    used 15093K, capacity 16164K, committed 16176K, reserved 1048576K
}

