# JRE version: OpenJDK Runtime Environment (8.0_242-b01) (build 1.8.0_242-release-1644-b01)
# Java VM: OpenJDK 64-Bit Server VM (25.242-b01 mixed mode windows-amd64 compressed oops)
Heap:
 PSYoungGen      total 137216K, used 78313K [0x00000000d5580000, 0x00000000e2200000, 0x0000000100000000)
  eden space 125952K, 62% used [0x00000000d5580000,0x00000000da1fa5c8,0x00000000dd080000)
  from space 11264K, 0% used [0x00000000dd080000,0x00000000dd080000,0x00000000ddb80000)
  to   space 13312K, 0% used [0x00000000e1500000,0x00000000e1500000,0x00000000e2200000)
 ParOldGen       total 70144K, used 18751K [0x0000000080000000, 0x0000000084480000, 0x00000000d5580000)
  object space 70144K, 26% used [0x0000000080000000,0x000000008124fc28,0x0000000084480000)
 Metaspace       used 40344K, capacity 41794K, committed 41944K, reserved 1085440K
  class space    used 5500K, capacity 5819K, committed 5888K, reserved 1048576K
GC Heap History (10 events):
Event: 3.633 GC heap before
{Heap before GC invocations=7 (full 0):
 PSYoungGen      total 74752K, used 11991K [0x00000000d5580000, 0x00000000dab80000, 0x0000000100000000)
  eden space 64512K, 4% used [0x00000000d5580000,0x00000000d5886910,0x00000000d9480000)
  from space 10240K, 86% used [0x00000000d9f80000,0x00000000da82f530,0x00000000da980000)
  to   space 11264K, 0% used [0x00000000d9480000,0x00000000d9480000,0x00000000d9f80000)
 ParOldGen       total 86016K, used 6602K [0x0000000080000000, 0x0000000085400000, 0x00000000d5580000)
  object space 86016K, 7% used [0x0000000080000000,0x0000000080672828,0x0000000085400000)
 Metaspace       used 20585K, capacity 21208K, committed 21248K, reserved 1067008K
  class space    used 2869K, capacity 3056K, committed 3072K, reserved 1048576K
Event: 3.641 GC heap after
Heap after GC invocations=7 (full 0):
 PSYoungGen      total 75776K, used 4133K [0x00000000d5580000, 0x00000000de980000, 0x0000000100000000)
  eden space 64512K, 0% used [0x00000000d5580000,0x00000000d5580000,0x00000000d9480000)
  from space 11264K, 36% used [0x00000000d9480000,0x00000000d9889478,0x00000000d9f80000)
  to   space 11264K, 0% used [0x00000000dde80000,0x00000000dde80000,0x00000000de980000)
 ParOldGen       total 86016K, used 8859K [0x0000000080000000, 0x0000000085400000, 0x00000000d5580000)
  object space 86016K, 10% used [0x0000000080000000,0x00000000808a6e98,0x0000000085400000)
 Metaspace       used 20585K, capacity 21208K, committed 21248K, reserved 1067008K
  class space    used 2869K, capacity 3056K, committed 3072K, reserved 1048576K
}
Event: 3.641 GC heap before
{Heap before GC invocations=8 (full 1):
 PSYoungGen      total 75776K, used 4133K [0x00000000d5580000, 0x00000000de980000, 0x0000000100000000)
  eden space 64512K, 0% used [0x00000000d5580000,0x00000000d5580000,0x00000000d9480000)
  from space 11264K, 36% used [0x00000000d9480000,0x00000000d9889478,0x00000000d9f80000)
  to   space 11264K, 0% used [0x00000000dde80000,0x00000000dde80000,0x00000000de980000)
 ParOldGen       total 86016K, used 8859K [0x0000000080000000, 0x0000000085400000, 0x00000000d5580000)
  object space 86016K, 10% used [0x0000000080000000,0x00000000808a6e98,0x0000000085400000)
 Metaspace       used 20585K, capacity 21208K, committed 21248K, reserved 1067008K
  class space    used 2869K, capacity 3056K, committed 3072K, reserved 1048576K
Event: 3.683 GC heap after
Heap after GC invocations=8 (full 1):
 PSYoungGen      total 75776K, used 0K [0x00000000d5580000, 0x00000000de980000, 0x0000000100000000)
  eden space 64512K, 0% used [0x00000000d5580000,0x00000000d5580000,0x00000000d9480000)
  from space 11264K, 0% used [0x00000000d9480000,0x00000000d9480000,0x00000000d9f80000)
  to   space 11264K, 0% used [0x00000000dde80000,0x00000000dde80000,0x00000000de980000)
 ParOldGen       total 47616K, used 7196K [0x0000000080000000, 0x0000000082e80000, 0x00000000d5580000)
  object space 47616K, 15% used [0x0000000080000000,0x00000000807073b8,0x0000000082e80000)
 Metaspace       used 20585K, capacity 21208K, committed 21248K, reserved 1067008K
  class space    used 2869K, capacity 3056K, committed 3072K, reserved 1048576K
}
Event: 4.318 GC heap before
{Heap before GC invocations=9 (full 1):
 PSYoungGen      total 75776K, used 64512K [0x00000000d5580000, 0x00000000de980000, 0x0000000100000000)
  eden space 64512K, 100% used [0x00000000d5580000,0x00000000d9480000,0x00000000d9480000)
  from space 11264K, 0% used [0x00000000d9480000,0x00000000d9480000,0x00000000d9f80000)
  to   space 11264K, 0% used [0x00000000dde80000,0x00000000dde80000,0x00000000de980000)
 ParOldGen       total 47616K, used 7196K [0x0000000080000000, 0x0000000082e80000, 0x00000000d5580000)
  object space 47616K, 15% used [0x0000000080000000,0x00000000807073b8,0x0000000082e80000)
 Metaspace       used 28241K, capacity 28992K, committed 29312K, reserved 1075200K
  class space    used 3895K, capacity 4131K, committed 4224K, reserved 1048576K
Event: 4.327 GC heap after
Heap after GC invocations=9 (full 1):
 PSYoungGen      total 129024K, used 7971K [0x00000000d5580000, 0x00000000de680000, 0x0000000100000000)
  eden space 120832K, 0% used [0x00000000d5580000,0x00000000d5580000,0x00000000dcb80000)
  from space 8192K, 97% used [0x00000000dde80000,0x00000000de648d58,0x00000000de680000)
  to   space 11264K, 0% used [0x00000000dd080000,0x00000000dd080000,0x00000000ddb80000)
 ParOldGen       total 47616K, used 7204K [0x0000000080000000, 0x0000000082e80000, 0x00000000d5580000)
  object space 47616K, 15% used [0x0000000080000000,0x00000000807093b8,0x0000000082e80000)
 Metaspace       used 28241K, capacity 28992K, committed 29312K, reserved 1075200K
  class space    used 3895K, capacity 4131K, committed 4224K, reserved 1048576K
}
Event: 5.355 GC heap before
{Heap before GC invocations=10 (full 1):
 PSYoungGen      total 129024K, used 125057K [0x00000000d5580000, 0x00000000de680000, 0x0000000100000000)
  eden space 120832K, 96% used [0x00000000d5580000,0x00000000dc7d7a30,0x00000000dcb80000)
  from space 8192K, 97% used [0x00000000dde80000,0x00000000de648d58,0x00000000de680000)
  to   space 11264K, 0% used [0x00000000dd080000,0x00000000dd080000,0x00000000ddb80000)
 ParOldGen       total 47616K, used 7204K [0x0000000080000000, 0x0000000082e80000, 0x00000000d5580000)
  object space 47616K, 15% used [0x0000000080000000,0x00000000807093b8,0x0000000082e80000)
 Metaspace       used 34456K, capacity 35386K, committed 35416K, reserved 1079296K
  class space    used 4721K, capacity 4970K, committed 4992K, reserved 1048576K
Event: 5.374 GC heap after
Heap after GC invocations=10 (full 1):
 PSYoungGen      total 137216K, used 11234K [0x00000000d5580000, 0x00000000e2200000, 0x0000000100000000)
  eden space 125952K, 0% used [0x00000000d5580000,0x00000000d5580000,0x00000000dd080000)
  from space 11264K, 99% used [0x00000000dd080000,0x00000000ddb78858,0x00000000ddb80000)
  to   space 13312K, 0% used [0x00000000e1500000,0x00000000e1500000,0x00000000e2200000)
 ParOldGen       total 47616K, used 8092K [0x0000000080000000, 0x0000000082e80000, 0x00000000d5580000)
  object space 47616K, 16% used [0x0000000080000000,0x00000000807e7210,0x0000000082e80000)
 Metaspace       used 34456K, capacity 35386K, committed 35416K, reserved 1079296K
  class space    used 4721K, capacity 4970K, committed 4992K, reserved 1048576K
}
Event: 5.374 GC heap before
{Heap before GC invocations=11 (full 2):
 PSYoungGen      total 137216K, used 11234K [0x00000000d5580000, 0x00000000e2200000, 0x0000000100000000)
  eden space 125952K, 0% used [0x00000000d5580000,0x00000000d5580000,0x00000000dd080000)
  from space 11264K, 99% used [0x00000000dd080000,0x00000000ddb78858,0x00000000ddb80000)
  to   space 13312K, 0% used [0x00000000e1500000,0x00000000e1500000,0x00000000e2200000)
 ParOldGen       total 47616K, used 8092K [0x0000000080000000, 0x0000000082e80000, 0x00000000d5580000)
  object space 47616K, 16% used [0x0000000080000000,0x00000000807e7210,0x0000000082e80000)
 Metaspace       used 34456K, capacity 35386K, committed 35416K, reserved 1079296K
  class space    used 4721K, capacity 4970K, committed 4992K, reserved 1048576K
Event: 5.449 GC heap after
Heap after GC invocations=11 (full 2):
 PSYoungGen      total 137216K, used 0K [0x00000000d5580000, 0x00000000e2200000, 0x0000000100000000)
  eden space 125952K, 0% used [0x00000000d5580000,0x00000000d5580000,0x00000000dd080000)
  from space 11264K, 0% used [0x00000000dd080000,0x00000000dd080000,0x00000000ddb80000)
  to   space 13312K, 0% used [0x00000000e1500000,0x00000000e1500000,0x00000000e2200000)
 ParOldGen       total 70144K, used 18751K [0x0000000080000000, 0x0000000084480000, 0x00000000d5580000)
  object space 70144K, 26% used [0x0000000080000000,0x000000008124fc28,0x0000000084480000)
 Metaspace       used 34456K, capacity 35386K, committed 35416K, reserved 1079296K
  class space    used 4721K, capacity 4970K, committed 4992K, reserved 1048576K
}

