# JRE version: OpenJDK Runtime Environment (8.0_242-b01) (build 1.8.0_242-release-1644-b01)
# Java VM: OpenJDK 64-Bit Server VM (25.242-b01 mixed mode windows-amd64 compressed oops)
Heap:
 PSYoungGen      total 324608K, used 35966K [0x00000000d5580000, 0x00000000f0880000, 0x0000000100000000)
  eden space 302080K, 11% used [0x00000000d5580000,0x00000000d789f810,0x00000000e7c80000)
  from space 22528K, 0% used [0x00000000e7c80000,0x00000000e7c80000,0x00000000e9280000)
  to   space 27136K, 0% used [0x00000000eee00000,0x00000000eee00000,0x00000000f0880000)
 ParOldGen       total 94208K, used 36480K [0x0000000080000000, 0x0000000085c00000, 0x00000000d5580000)
  object space 94208K, 38% used [0x0000000080000000,0x00000000823a0398,0x0000000085c00000)
 Metaspace       used 60115K, capacity 62388K, committed 62616K, reserved 1103872K
  class space    used 8012K, capacity 8503K, committed 8624K, reserved 1048576K
GC Heap History (10 events):
Event: 8.093 GC heap before
{Heap before GC invocations=8 (full 1):
 PSYoungGen      total 216064K, used 26559K [0x00000000d5580000, 0x00000000e7000000, 0x0000000100000000)
  eden space 202752K, 6% used [0x00000000d5580000,0x00000000d62973f8,0x00000000e1b80000)
  from space 13312K, 98% used [0x00000000e6300000,0x00000000e6fd8950,0x00000000e7000000)
  to   space 15872K, 0% used [0x00000000e5100000,0x00000000e5100000,0x00000000e6080000)
 ParOldGen       total 62976K, used 8218K [0x0000000080000000, 0x0000000083d80000, 0x00000000d5580000)
  object space 62976K, 13% used [0x0000000080000000,0x00000000808068c8,0x0000000083d80000)
 Metaspace       used 34404K, capacity 35246K, committed 35496K, reserved 1079296K
  class space    used 4561K, capacity 4804K, committed 4912K, reserved 1048576K
Event: 8.102 GC heap after
Heap after GC invocations=8 (full 1):
 PSYoungGen      total 273408K, used 7198K [0x00000000d5580000, 0x00000000ea180000, 0x0000000100000000)
  eden space 257536K, 0% used [0x00000000d5580000,0x00000000d5580000,0x00000000e5100000)
  from space 15872K, 45% used [0x00000000e5100000,0x00000000e5807ba0,0x00000000e6080000)
  to   space 15360K, 0% used [0x00000000e9280000,0x00000000e9280000,0x00000000ea180000)
 ParOldGen       total 62976K, used 8226K [0x0000000080000000, 0x0000000083d80000, 0x00000000d5580000)
  object space 62976K, 13% used [0x0000000080000000,0x00000000808088c8,0x0000000083d80000)
 Metaspace       used 34404K, capacity 35246K, committed 35496K, reserved 1079296K
  class space    used 4561K, capacity 4804K, committed 4912K, reserved 1048576K
}
Event: 8.102 GC heap before
{Heap before GC invocations=9 (full 2):
 PSYoungGen      total 273408K, used 7198K [0x00000000d5580000, 0x00000000ea180000, 0x0000000100000000)
  eden space 257536K, 0% used [0x00000000d5580000,0x00000000d5580000,0x00000000e5100000)
  from space 15872K, 45% used [0x00000000e5100000,0x00000000e5807ba0,0x00000000e6080000)
  to   space 15360K, 0% used [0x00000000e9280000,0x00000000e9280000,0x00000000ea180000)
 ParOldGen       total 62976K, used 8226K [0x0000000080000000, 0x0000000083d80000, 0x00000000d5580000)
  object space 62976K, 13% used [0x0000000080000000,0x00000000808088c8,0x0000000083d80000)
 Metaspace       used 34404K, capacity 35246K, committed 35496K, reserved 1079296K
  class space    used 4561K, capacity 4804K, committed 4912K, reserved 1048576K
Event: 8.245 GC heap after
Heap after GC invocations=9 (full 2):
 PSYoungGen      total 273408K, used 0K [0x00000000d5580000, 0x00000000ea180000, 0x0000000100000000)
  eden space 257536K, 0% used [0x00000000d5580000,0x00000000d5580000,0x00000000e5100000)
  from space 15872K, 0% used [0x00000000e5100000,0x00000000e5100000,0x00000000e6080000)
  to   space 15360K, 0% used [0x00000000e9280000,0x00000000e9280000,0x00000000ea180000)
 ParOldGen       total 94208K, used 14709K [0x0000000080000000, 0x0000000085c00000, 0x00000000d5580000)
  object space 94208K, 15% used [0x0000000080000000,0x0000000080e5d7d8,0x0000000085c00000)
 Metaspace       used 34404K, capacity 35246K, committed 35496K, reserved 1079296K
  class space    used 4561K, capacity 4804K, committed 4912K, reserved 1048576K
}
Event: 13.493 GC heap before
{Heap before GC invocations=10 (full 2):
 PSYoungGen      total 273408K, used 257536K [0x00000000d5580000, 0x00000000ea180000, 0x0000000100000000)
  eden space 257536K, 100% used [0x00000000d5580000,0x00000000e5100000,0x00000000e5100000)
  from space 15872K, 0% used [0x00000000e5100000,0x00000000e5100000,0x00000000e6080000)
  to   space 15360K, 0% used [0x00000000e9280000,0x00000000e9280000,0x00000000ea180000)
 ParOldGen       total 94208K, used 14709K [0x0000000080000000, 0x0000000085c00000, 0x00000000d5580000)
  object space 94208K, 15% used [0x0000000080000000,0x0000000080e5d7d8,0x0000000085c00000)
 Metaspace       used 50845K, capacity 52660K, committed 53040K, reserved 1095680K
  class space    used 6736K, capacity 7111K, committed 7216K, reserved 1048576K
Event: 13.515 GC heap after
Heap after GC invocations=10 (full 2):
 PSYoungGen      total 317440K, used 15344K [0x00000000d5580000, 0x00000000ee380000, 0x0000000100000000)
  eden space 302080K, 0% used [0x00000000d5580000,0x00000000d5580000,0x00000000e7c80000)
  from space 15360K, 99% used [0x00000000e9280000,0x00000000ea17c328,0x00000000ea180000)
  to   space 22528K, 0% used [0x00000000e7c80000,0x00000000e7c80000,0x00000000e9280000)
 ParOldGen       total 94208K, used 26133K [0x0000000080000000, 0x0000000085c00000, 0x00000000d5580000)
  object space 94208K, 27% used [0x0000000080000000,0x0000000081985700,0x0000000085c00000)
 Metaspace       used 50845K, capacity 52660K, committed 53040K, reserved 1095680K
  class space    used 6736K, capacity 7111K, committed 7216K, reserved 1048576K
}
Event: 14.544 GC heap before
{Heap before GC invocations=11 (full 2):
 PSYoungGen      total 317440K, used 120812K [0x00000000d5580000, 0x00000000ee380000, 0x0000000100000000)
  eden space 302080K, 34% used [0x00000000d5580000,0x00000000dbc7ee08,0x00000000e7c80000)
  from space 15360K, 99% used [0x00000000e9280000,0x00000000ea17c328,0x00000000ea180000)
  to   space 22528K, 0% used [0x00000000e7c80000,0x00000000e7c80000,0x00000000e9280000)
 ParOldGen       total 94208K, used 26133K [0x0000000080000000, 0x0000000085c00000, 0x00000000d5580000)
  object space 94208K, 27% used [0x0000000080000000,0x0000000081985700,0x0000000085c00000)
 Metaspace       used 57039K, capacity 59110K, committed 59160K, reserved 1099776K
  class space    used 7481K, capacity 7954K, committed 7984K, reserved 1048576K
Event: 14.586 GC heap after
Heap after GC invocations=11 (full 2):
 PSYoungGen      total 324608K, used 22506K [0x00000000d5580000, 0x00000000f0880000, 0x0000000100000000)
  eden space 302080K, 0% used [0x00000000d5580000,0x00000000d5580000,0x00000000e7c80000)
  from space 22528K, 99% used [0x00000000e7c80000,0x00000000e927a898,0x00000000e9280000)
  to   space 27136K, 0% used [0x00000000eee00000,0x00000000eee00000,0x00000000f0880000)
 ParOldGen       total 94208K, used 27946K [0x0000000080000000, 0x0000000085c00000, 0x00000000d5580000)
  object space 94208K, 29% used [0x0000000080000000,0x0000000081b4aa88,0x0000000085c00000)
 Metaspace       used 57039K, capacity 59110K, committed 59160K, reserved 1099776K
  class space    used 7481K, capacity 7954K, committed 7984K, reserved 1048576K
}
Event: 14.586 GC heap before
{Heap before GC invocations=12 (full 3):
 PSYoungGen      total 324608K, used 22506K [0x00000000d5580000, 0x00000000f0880000, 0x0000000100000000)
  eden space 302080K, 0% used [0x00000000d5580000,0x00000000d5580000,0x00000000e7c80000)
  from space 22528K, 99% used [0x00000000e7c80000,0x00000000e927a898,0x00000000e9280000)
  to   space 27136K, 0% used [0x00000000eee00000,0x00000000eee00000,0x00000000f0880000)
 ParOldGen       total 94208K, used 27946K [0x0000000080000000, 0x0000000085c00000, 0x00000000d5580000)
  object space 94208K, 29% used [0x0000000080000000,0x0000000081b4aa88,0x0000000085c00000)
 Metaspace       used 57039K, capacity 59110K, committed 59160K, reserved 1099776K
  class space    used 7481K, capacity 7954K, committed 7984K, reserved 1048576K
Event: 14.858 GC heap after
Heap after GC invocations=12 (full 3):
 PSYoungGen      total 324608K, used 0K [0x00000000d5580000, 0x00000000f0880000, 0x0000000100000000)
  eden space 302080K, 0% used [0x00000000d5580000,0x00000000d5580000,0x00000000e7c80000)
  from space 22528K, 0% used [0x00000000e7c80000,0x00000000e7c80000,0x00000000e9280000)
  to   space 27136K, 0% used [0x00000000eee00000,0x00000000eee00000,0x00000000f0880000)
 ParOldGen       total 94208K, used 36480K [0x0000000080000000, 0x0000000085c00000, 0x00000000d5580000)
  object space 94208K, 38% used [0x0000000080000000,0x00000000823a0398,0x0000000085c00000)
 Metaspace       used 56989K, capacity 58994K, committed 59160K, reserved 1099776K
  class space    used 7469K, capacity 7940K, committed 7984K, reserved 1048576K
}

