# JRE version: OpenJDK Runtime Environment (8.0_242-b01) (build 1.8.0_242-release-1644-b01)
# Java VM: OpenJDK 64-Bit Server VM (25.242-b01 mixed mode windows-amd64 compressed oops)
Heap:
 PSYoungGen      total 416768K, used 211301K [0x00000000d5580000, 0x00000000f1280000, 0x0000000100000000)
  eden space 401408K, 48% used [0x00000000d5580000,0x00000000e14dd738,0x00000000edd80000)
  from space 15360K, 99% used [0x00000000f0380000,0x00000000f127be58,0x00000000f1280000)
  to   space 27136K, 0% used [0x00000000edd80000,0x00000000edd80000,0x00000000ef800000)
 ParOldGen       total 100352K, used 67905K [0x0000000080000000, 0x0000000086200000, 0x00000000d5580000)
  object space 100352K, 67% used [0x0000000080000000,0x0000000084250768,0x0000000086200000)
 Metaspace       used 81161K, capacity 84648K, committed 84760K, reserved 1134592K
  class space    used 10540K, capacity 11235K, committed 11312K, reserved 1048576K
GC Heap History (10 events):
Event: 12.124 GC heap before
{Heap before GC invocations=13 (full 3):
 PSYoungGen      total 314880K, used 19939K [0x00000000d5580000, 0x00000000ea480000, 0x0000000100000000)
  eden space 294912K, 0% used [0x00000000d5580000,0x00000000d5580000,0x00000000e7580000)
  from space 19968K, 99% used [0x00000000e8d00000,0x00000000ea078ef8,0x00000000ea080000)
  to   space 24064K, 0% used [0x00000000e7580000,0x00000000e7580000,0x00000000e8d00000)
 ParOldGen       total 68096K, used 26977K [0x0000000080000000, 0x0000000084280000, 0x00000000d5580000)
  object space 68096K, 39% used [0x0000000080000000,0x0000000081a586f8,0x0000000084280000)
 Metaspace       used 56987K, capacity 59066K, committed 59160K, reserved 1101824K
  class space    used 7702K, capacity 8175K, committed 8240K, reserved 1048576K
Event: 12.329 GC heap after
Heap after GC invocations=13 (full 3):
 PSYoungGen      total 314880K, used 0K [0x00000000d5580000, 0x00000000ea480000, 0x0000000100000000)
  eden space 294912K, 0% used [0x00000000d5580000,0x00000000d5580000,0x00000000e7580000)
  from space 19968K, 0% used [0x00000000e8d00000,0x00000000e8d00000,0x00000000ea080000)
  to   space 24064K, 0% used [0x00000000e7580000,0x00000000e7580000,0x00000000e8d00000)
 ParOldGen       total 100352K, used 35968K [0x0000000080000000, 0x0000000086200000, 0x00000000d5580000)
  object space 100352K, 35% used [0x0000000080000000,0x00000000823201f0,0x0000000086200000)
 Metaspace       used 56987K, capacity 59066K, committed 59160K, reserved 1101824K
  class space    used 7702K, capacity 8175K, committed 8240K, reserved 1048576K
}
Event: 16.130 GC heap before
{Heap before GC invocations=14 (full 3):
 PSYoungGen      total 314880K, used 294912K [0x00000000d5580000, 0x00000000ea480000, 0x0000000100000000)
  eden space 294912K, 100% used [0x00000000d5580000,0x00000000e7580000,0x00000000e7580000)
  from space 19968K, 0% used [0x00000000e8d00000,0x00000000e8d00000,0x00000000ea080000)
  to   space 24064K, 0% used [0x00000000e7580000,0x00000000e7580000,0x00000000e8d00000)
 ParOldGen       total 100352K, used 35968K [0x0000000080000000, 0x0000000086200000, 0x00000000d5580000)
  object space 100352K, 35% used [0x0000000080000000,0x00000000823201f0,0x0000000086200000)
 Metaspace       used 66610K, capacity 69522K, committed 69656K, reserved 1110016K
  class space    used 9049K, capacity 9654K, committed 9776K, reserved 1048576K
Event: 16.158 GC heap after
Heap after GC invocations=14 (full 3):
 PSYoungGen      total 318976K, used 24063K [0x00000000d5580000, 0x00000000f1f00000, 0x0000000100000000)
  eden space 294912K, 0% used [0x00000000d5580000,0x00000000d5580000,0x00000000e7580000)
  from space 24064K, 99% used [0x00000000e7580000,0x00000000e8cffd58,0x00000000e8d00000)
  to   space 28160K, 0% used [0x00000000f0380000,0x00000000f0380000,0x00000000f1f00000)
 ParOldGen       total 100352K, used 36870K [0x0000000080000000, 0x0000000086200000, 0x00000000d5580000)
  object space 100352K, 36% used [0x0000000080000000,0x0000000082401968,0x0000000086200000)
 Metaspace       used 66610K, capacity 69522K, committed 69656K, reserved 1110016K
  class space    used 9049K, capacity 9654K, committed 9776K, reserved 1048576K
}
Event: 19.844 GC heap before
{Heap before GC invocations=15 (full 3):
 PSYoungGen      total 318976K, used 318975K [0x00000000d5580000, 0x00000000f1f00000, 0x0000000100000000)
  eden space 294912K, 100% used [0x00000000d5580000,0x00000000e7580000,0x00000000e7580000)
  from space 24064K, 99% used [0x00000000e7580000,0x00000000e8cffd58,0x00000000e8d00000)
  to   space 28160K, 0% used [0x00000000f0380000,0x00000000f0380000,0x00000000f1f00000)
 ParOldGen       total 100352K, used 36870K [0x0000000080000000, 0x0000000086200000, 0x00000000d5580000)
  object space 100352K, 36% used [0x0000000080000000,0x0000000082401968,0x0000000086200000)
 Metaspace       used 71386K, capacity 74428K, committed 74776K, reserved 1116160K
  class space    used 9583K, capacity 10193K, committed 10288K, reserved 1048576K
Event: 19.866 GC heap after
Heap after GC invocations=15 (full 3):
 PSYoungGen      total 416768K, used 7358K [0x00000000d5580000, 0x00000000f1280000, 0x0000000100000000)
  eden space 401408K, 0% used [0x00000000d5580000,0x00000000d5580000,0x00000000edd80000)
  from space 15360K, 47% used [0x00000000f0380000,0x00000000f0aaf818,0x00000000f1280000)
  to   space 27136K, 0% used [0x00000000edd80000,0x00000000edd80000,0x00000000ef800000)
 ParOldGen       total 100352K, used 54079K [0x0000000080000000, 0x0000000086200000, 0x00000000d5580000)
  object space 100352K, 53% used [0x0000000080000000,0x00000000834cfc18,0x0000000086200000)
 Metaspace       used 71386K, capacity 74428K, committed 74776K, reserved 1116160K
  class space    used 9583K, capacity 10193K, committed 10288K, reserved 1048576K
}
Event: 44.094 GC heap before
{Heap before GC invocations=16 (full 3):
 PSYoungGen      total 416768K, used 162719K [0x00000000d5580000, 0x00000000f1280000, 0x0000000100000000)
  eden space 401408K, 38% used [0x00000000d5580000,0x00000000ded38550,0x00000000edd80000)
  from space 15360K, 47% used [0x00000000f0380000,0x00000000f0aaf818,0x00000000f1280000)
  to   space 27136K, 0% used [0x00000000edd80000,0x00000000edd80000,0x00000000ef800000)
 ParOldGen       total 100352K, used 54079K [0x0000000080000000, 0x0000000086200000, 0x00000000d5580000)
  object space 100352K, 53% used [0x0000000080000000,0x00000000834cfc18,0x0000000086200000)
 Metaspace       used 76215K, capacity 79498K, committed 79768K, reserved 1130496K
  class space    used 10203K, capacity 10864K, committed 10928K, reserved 1048576K
Event: 44.110 GC heap after
Heap after GC invocations=16 (full 3):
 PSYoungGen      total 428544K, used 8996K [0x00000000d5580000, 0x00000000f1280000, 0x0000000100000000)
  eden space 401408K, 0% used [0x00000000d5580000,0x00000000d5580000,0x00000000edd80000)
  from space 27136K, 33% used [0x00000000edd80000,0x00000000ee649118,0x00000000ef800000)
  to   space 15360K, 0% used [0x00000000f0380000,0x00000000f0380000,0x00000000f1280000)
 ParOldGen       total 100352K, used 56532K [0x0000000080000000, 0x0000000086200000, 0x00000000d5580000)
  object space 100352K, 56% used [0x0000000080000000,0x0000000083735260,0x0000000086200000)
 Metaspace       used 76215K, capacity 79498K, committed 79768K, reserved 1130496K
  class space    used 10203K, capacity 10864K, committed 10928K, reserved 1048576K
}
Event: 224.681 GC heap before
{Heap before GC invocations=17 (full 3):
 PSYoungGen      total 428544K, used 410404K [0x00000000d5580000, 0x00000000f1280000, 0x0000000100000000)
  eden space 401408K, 100% used [0x00000000d5580000,0x00000000edd80000,0x00000000edd80000)
  from space 27136K, 33% used [0x00000000edd80000,0x00000000ee649118,0x00000000ef800000)
  to   space 15360K, 0% used [0x00000000f0380000,0x00000000f0380000,0x00000000f1280000)
 ParOldGen       total 100352K, used 56532K [0x0000000080000000, 0x0000000086200000, 0x00000000d5580000)
  object space 100352K, 56% used [0x0000000080000000,0x0000000083735260,0x0000000086200000)
 Metaspace       used 81136K, capacity 84644K, committed 84760K, reserved 1134592K
  class space    used 10540K, capacity 11235K, committed 11312K, reserved 1048576K
Event: 224.736 GC heap after
Heap after GC invocations=17 (full 3):
 PSYoungGen      total 416768K, used 15343K [0x00000000d5580000, 0x00000000f1280000, 0x0000000100000000)
  eden space 401408K, 0% used [0x00000000d5580000,0x00000000d5580000,0x00000000edd80000)
  from space 15360K, 99% used [0x00000000f0380000,0x00000000f127be58,0x00000000f1280000)
  to   space 27136K, 0% used [0x00000000edd80000,0x00000000edd80000,0x00000000ef800000)
 ParOldGen       total 100352K, used 67905K [0x0000000080000000, 0x0000000086200000, 0x00000000d5580000)
  object space 100352K, 67% used [0x0000000080000000,0x0000000084250768,0x0000000086200000)
 Metaspace       used 81136K, capacity 84644K, committed 84760K, reserved 1134592K
  class space    used 10540K, capacity 11235K, committed 11312K, reserved 1048576K
}

