# JRE version: OpenJDK Runtime Environment (8.0_242-b01) (build 1.8.0_242-release-1644-b01)
# Java VM: OpenJDK 64-Bit Server VM (25.242-b01 mixed mode windows-amd64 compressed oops)
Heap:
 PSYoungGen      total 406016K, used 316261K [0x00000000d5580000, 0x00000000f0d80000, 0x0000000100000000)
  eden space 376320K, 77% used [0x00000000d5580000,0x00000000e72d3400,0x00000000ec500000)
  from space 29696K, 81% used [0x00000000ee480000,0x00000000efc06158,0x00000000f0180000)
  to   space 32256K, 0% used [0x00000000ec500000,0x00000000ec500000,0x00000000ee480000)
 ParOldGen       total 118272K, used 54252K [0x0000000080000000, 0x0000000087380000, 0x00000000d5580000)
  object space 118272K, 45% used [0x0000000080000000,0x00000000834fb000,0x0000000087380000)
 Metaspace       used 84709K, capacity 88270K, committed 88344K, reserved 1126400K
  class space    used 11019K, capacity 11788K, committed 11824K, reserved 1048576K
GC Heap History (10 events):
Event: 6.720 GC heap before
{Heap before GC invocations=11 (full 2):
 PSYoungGen      total 244224K, used 230912K [0x00000000d5580000, 0x00000000e5400000, 0x0000000100000000)
  eden space 230912K, 100% used [0x00000000d5580000,0x00000000e3700000,0x00000000e3700000)
  from space 13312K, 0% used [0x00000000e4700000,0x00000000e4700000,0x00000000e5400000)
  to   space 14848K, 0% used [0x00000000e3700000,0x00000000e3700000,0x00000000e4580000)
 ParOldGen       total 77824K, used 16274K [0x0000000080000000, 0x0000000084c00000, 0x00000000d5580000)
  object space 77824K, 20% used [0x0000000080000000,0x0000000080fe4ac0,0x0000000084c00000)
 Metaspace       used 51663K, capacity 53436K, committed 53672K, reserved 1095680K
  class space    used 6869K, capacity 7274K, committed 7344K, reserved 1048576K
Event: 6.748 GC heap after
Heap after GC invocations=11 (full 2):
 PSYoungGen      total 245760K, used 14828K [0x00000000d5580000, 0x00000000eaa00000, 0x0000000100000000)
  eden space 230912K, 0% used [0x00000000d5580000,0x00000000d5580000,0x00000000e3700000)
  from space 14848K, 99% used [0x00000000e3700000,0x00000000e457b340,0x00000000e4580000)
  to   space 21504K, 0% used [0x00000000e9500000,0x00000000e9500000,0x00000000eaa00000)
 ParOldGen       total 77824K, used 28054K [0x0000000080000000, 0x0000000084c00000, 0x00000000d5580000)
  object space 77824K, 36% used [0x0000000080000000,0x0000000081b65bc0,0x0000000084c00000)
 Metaspace       used 51663K, capacity 53436K, committed 53672K, reserved 1095680K
  class space    used 6869K, capacity 7274K, committed 7344K, reserved 1048576K
}
Event: 7.572 GC heap before
{Heap before GC invocations=12 (full 2):
 PSYoungGen      total 245760K, used 86034K [0x00000000d5580000, 0x00000000eaa00000, 0x0000000100000000)
  eden space 230912K, 30% used [0x00000000d5580000,0x00000000d9b09658,0x00000000e3700000)
  from space 14848K, 99% used [0x00000000e3700000,0x00000000e457b340,0x00000000e4580000)
  to   space 21504K, 0% used [0x00000000e9500000,0x00000000e9500000,0x00000000eaa00000)
 ParOldGen       total 77824K, used 28054K [0x0000000080000000, 0x0000000084c00000, 0x00000000d5580000)
  object space 77824K, 36% used [0x0000000080000000,0x0000000081b65bc0,0x0000000084c00000)
 Metaspace       used 56973K, capacity 59050K, committed 59160K, reserved 1099776K
  class space    used 7704K, capacity 8175K, committed 8240K, reserved 1048576K
Event: 7.601 GC heap after
Heap after GC invocations=12 (full 2):
 PSYoungGen      total 323584K, used 21499K [0x00000000d5580000, 0x00000000eb000000, 0x0000000100000000)
  eden space 302080K, 0% used [0x00000000d5580000,0x00000000d5580000,0x00000000e7c80000)
  from space 21504K, 99% used [0x00000000e9500000,0x00000000ea9fee70,0x00000000eaa00000)
  to   space 25088K, 0% used [0x00000000e7c80000,0x00000000e7c80000,0x00000000e9500000)
 ParOldGen       total 77824K, used 29328K [0x0000000080000000, 0x0000000084c00000, 0x00000000d5580000)
  object space 77824K, 37% used [0x0000000080000000,0x0000000081ca40f8,0x0000000084c00000)
 Metaspace       used 56973K, capacity 59050K, committed 59160K, reserved 1099776K
  class space    used 7704K, capacity 8175K, committed 8240K, reserved 1048576K
}
Event: 7.601 GC heap before
{Heap before GC invocations=13 (full 3):
 PSYoungGen      total 323584K, used 21499K [0x00000000d5580000, 0x00000000eb000000, 0x0000000100000000)
  eden space 302080K, 0% used [0x00000000d5580000,0x00000000d5580000,0x00000000e7c80000)
  from space 21504K, 99% used [0x00000000e9500000,0x00000000ea9fee70,0x00000000eaa00000)
  to   space 25088K, 0% used [0x00000000e7c80000,0x00000000e7c80000,0x00000000e9500000)
 ParOldGen       total 77824K, used 29328K [0x0000000080000000, 0x0000000084c00000, 0x00000000d5580000)
  object space 77824K, 37% used [0x0000000080000000,0x0000000081ca40f8,0x0000000084c00000)
 Metaspace       used 56973K, capacity 59050K, committed 59160K, reserved 1099776K
  class space    used 7704K, capacity 8175K, committed 8240K, reserved 1048576K
Event: 7.799 GC heap after
Heap after GC invocations=13 (full 3):
 PSYoungGen      total 323584K, used 0K [0x00000000d5580000, 0x00000000eb000000, 0x0000000100000000)
  eden space 302080K, 0% used [0x00000000d5580000,0x00000000d5580000,0x00000000e7c80000)
  from space 21504K, 0% used [0x00000000e9500000,0x00000000e9500000,0x00000000eaa00000)
  to   space 25088K, 0% used [0x00000000e7c80000,0x00000000e7c80000,0x00000000e9500000)
 ParOldGen       total 118272K, used 35676K [0x0000000080000000, 0x0000000087380000, 0x00000000d5580000)
  object space 118272K, 30% used [0x0000000080000000,0x00000000822d70a0,0x0000000087380000)
 Metaspace       used 56973K, capacity 59050K, committed 59160K, reserved 1099776K
  class space    used 7704K, capacity 8175K, committed 8240K, reserved 1048576K
}
Event: 11.239 GC heap before
{Heap before GC invocations=14 (full 3):
 PSYoungGen      total 323584K, used 302080K [0x00000000d5580000, 0x00000000eb000000, 0x0000000100000000)
  eden space 302080K, 100% used [0x00000000d5580000,0x00000000e7c80000,0x00000000e7c80000)
  from space 21504K, 0% used [0x00000000e9500000,0x00000000e9500000,0x00000000eaa00000)
  to   space 25088K, 0% used [0x00000000e7c80000,0x00000000e7c80000,0x00000000e9500000)
 ParOldGen       total 118272K, used 35676K [0x0000000080000000, 0x0000000087380000, 0x00000000d5580000)
  object space 118272K, 30% used [0x0000000080000000,0x00000000822d70a0,0x0000000087380000)
 Metaspace       used 67266K, capacity 70070K, committed 70168K, reserved 1110016K
  class space    used 9160K, capacity 9736K, committed 9776K, reserved 1048576K
Event: 11.268 GC heap after
Heap after GC invocations=14 (full 3):
 PSYoungGen      total 327168K, used 25086K [0x00000000d5580000, 0x00000000f0180000, 0x0000000100000000)
  eden space 302080K, 0% used [0x00000000d5580000,0x00000000d5580000,0x00000000e7c80000)
  from space 25088K, 99% used [0x00000000e7c80000,0x00000000e94ff800,0x00000000e9500000)
  to   space 29696K, 0% used [0x00000000ee480000,0x00000000ee480000,0x00000000f0180000)
 ParOldGen       total 118272K, used 36630K [0x0000000080000000, 0x0000000087380000, 0x00000000d5580000)
  object space 118272K, 30% used [0x0000000080000000,0x00000000823c5978,0x0000000087380000)
 Metaspace       used 67266K, capacity 70070K, committed 70168K, reserved 1110016K
  class space    used 9160K, capacity 9736K, committed 9776K, reserved 1048576K
}
Event: 12.267 GC heap before
{Heap before GC invocations=15 (full 3):
 PSYoungGen      total 327168K, used 327166K [0x00000000d5580000, 0x00000000f0180000, 0x0000000100000000)
  eden space 302080K, 100% used [0x00000000d5580000,0x00000000e7c80000,0x00000000e7c80000)
  from space 25088K, 99% used [0x00000000e7c80000,0x00000000e94ff800,0x00000000e9500000)
  to   space 29696K, 0% used [0x00000000ee480000,0x00000000ee480000,0x00000000f0180000)
 ParOldGen       total 118272K, used 36630K [0x0000000080000000, 0x0000000087380000, 0x00000000d5580000)
  object space 118272K, 30% used [0x0000000080000000,0x00000000823c5978,0x0000000087380000)
 Metaspace       used 70615K, capacity 73726K, committed 74008K, reserved 1114112K
  class space    used 9558K, capacity 10162K, committed 10288K, reserved 1048576K
Event: 12.319 GC heap after
Heap after GC invocations=15 (full 3):
 PSYoungGen      total 406016K, used 24088K [0x00000000d5580000, 0x00000000f0d80000, 0x0000000100000000)
  eden space 376320K, 0% used [0x00000000d5580000,0x00000000d5580000,0x00000000ec500000)
  from space 29696K, 81% used [0x00000000ee480000,0x00000000efc06158,0x00000000f0180000)
  to   space 32256K, 0% used [0x00000000ec500000,0x00000000ec500000,0x00000000ee480000)
 ParOldGen       total 118272K, used 54252K [0x0000000080000000, 0x0000000087380000, 0x00000000d5580000)
  object space 118272K, 45% used [0x0000000080000000,0x00000000834fb000,0x0000000087380000)
 Metaspace       used 70615K, capacity 73726K, committed 74008K, reserved 1114112K
  class space    used 9558K, capacity 10162K, committed 10288K, reserved 1048576K
}

