# JRE version: OpenJDK Runtime Environment (8.0_242-b01) (build 1.8.0_242-release-1644-b01)
# Java VM: OpenJDK 64-Bit Server VM (25.242-b01 mixed mode windows-amd64 compressed oops)
Heap:
 PSYoungGen      total 480256K, used 234365K [0x00000000d5580000, 0x00000000f8280000, 0x0000000100000000)
  eden space 430080K, 46% used [0x00000000d5580000,0x00000000e1aaffc0,0x00000000ef980000)
  from space 50176K, 64% used [0x00000000ef980000,0x00000000f192f470,0x00000000f2a80000)
  to   space 51712K, 0% used [0x00000000f5000000,0x00000000f5000000,0x00000000f8280000)
 ParOldGen       total 216064K, used 118845K [0x0000000080000000, 0x000000008d300000, 0x00000000d5580000)
  object space 216064K, 55% used [0x0000000080000000,0x000000008740f458,0x000000008d300000)
 Metaspace       used 137220K, capacity 144660K, committed 144808K, reserved 1175552K
  class space    used 17896K, capacity 19280K, committed 19368K, reserved 1048576K
GC Heap History (10 events):
Event: 84.131 GC heap before
{Heap before GC invocations=17 (full 3):
 PSYoungGen      total 360448K, used 58770K [0x00000000d5580000, 0x00000000f0400000, 0x0000000100000000)
  eden space 325120K, 12% used [0x00000000d5580000,0x00000000d7d827f8,0x00000000e9300000)
  from space 35328K, 50% used [0x00000000e9300000,0x00000000ea462080,0x00000000eb580000)
  to   space 34304K, 0% used [0x00000000ee280000,0x00000000ee280000,0x00000000f0400000)
 ParOldGen       total 132096K, used 74704K [0x0000000080000000, 0x0000000088100000, 0x00000000d5580000)
  object space 132096K, 56% used [0x0000000080000000,0x00000000848f41f8,0x0000000088100000)
 Metaspace       used 93906K, capacity 98442K, committed 98600K, reserved 1134592K
  class space    used 12348K, capacity 13241K, committed 13352K, reserved 1048576K
Event: 84.148 GC heap after
Heap after GC invocations=17 (full 3):
 PSYoungGen      total 407552K, used 16749K [0x00000000d5580000, 0x00000000f0c00000, 0x0000000100000000)
  eden space 373248K, 0% used [0x00000000d5580000,0x00000000d5580000,0x00000000ec200000)
  from space 34304K, 48% used [0x00000000ee280000,0x00000000ef2db6c8,0x00000000f0400000)
  to   space 33280K, 0% used [0x00000000ec200000,0x00000000ec200000,0x00000000ee280000)
 ParOldGen       total 132096K, used 74712K [0x0000000080000000, 0x0000000088100000, 0x00000000d5580000)
  object space 132096K, 56% used [0x0000000080000000,0x00000000848f61f8,0x0000000088100000)
 Metaspace       used 93906K, capacity 98442K, committed 98600K, reserved 1134592K
  class space    used 12348K, capacity 13241K, committed 13352K, reserved 1048576K
}
Event: 84.148 GC heap before
{Heap before GC invocations=18 (full 4):
 PSYoungGen      total 407552K, used 16749K [0x00000000d5580000, 0x00000000f0c00000, 0x0000000100000000)
  eden space 373248K, 0% used [0x00000000d5580000,0x00000000d5580000,0x00000000ec200000)
  from space 34304K, 48% used [0x00000000ee280000,0x00000000ef2db6c8,0x00000000f0400000)
  to   space 33280K, 0% used [0x00000000ec200000,0x00000000ec200000,0x00000000ee280000)
 ParOldGen       total 132096K, used 74712K [0x0000000080000000, 0x0000000088100000, 0x00000000d5580000)
  object space 132096K, 56% used [0x0000000080000000,0x00000000848f61f8,0x0000000088100000)
 Metaspace       used 93906K, capacity 98442K, committed 98600K, reserved 1134592K
  class space    used 12348K, capacity 13241K, committed 13352K, reserved 1048576K
Event: 84.451 GC heap after
Heap after GC invocations=18 (full 4):
 PSYoungGen      total 407552K, used 0K [0x00000000d5580000, 0x00000000f0c00000, 0x0000000100000000)
  eden space 373248K, 0% used [0x00000000d5580000,0x00000000d5580000,0x00000000ec200000)
  from space 34304K, 0% used [0x00000000ee280000,0x00000000ee280000,0x00000000f0400000)
  to   space 33280K, 0% used [0x00000000ec200000,0x00000000ec200000,0x00000000ee280000)
 ParOldGen       total 216064K, used 77125K [0x0000000080000000, 0x000000008d300000, 0x00000000d5580000)
  object space 216064K, 35% used [0x0000000080000000,0x0000000084b51700,0x000000008d300000)
 Metaspace       used 93797K, capacity 98124K, committed 98600K, reserved 1134592K
  class space    used 12312K, capacity 13178K, committed 13352K, reserved 1048576K
}
Event: 91.212 GC heap before
{Heap before GC invocations=19 (full 4):
 PSYoungGen      total 407552K, used 373248K [0x00000000d5580000, 0x00000000f0c00000, 0x0000000100000000)
  eden space 373248K, 100% used [0x00000000d5580000,0x00000000ec200000,0x00000000ec200000)
  from space 34304K, 0% used [0x00000000ee280000,0x00000000ee280000,0x00000000f0400000)
  to   space 33280K, 0% used [0x00000000ec200000,0x00000000ec200000,0x00000000ee280000)
 ParOldGen       total 216064K, used 77125K [0x0000000080000000, 0x000000008d300000, 0x00000000d5580000)
  object space 216064K, 35% used [0x0000000080000000,0x0000000084b51700,0x000000008d300000)
 Metaspace       used 101406K, capacity 105946K, committed 106152K, reserved 1140736K
  class space    used 13016K, capacity 13912K, committed 13992K, reserved 1048576K
Event: 91.257 GC heap after
Heap after GC invocations=19 (full 4):
 PSYoungGen      total 406528K, used 33259K [0x00000000d5580000, 0x00000000f5b80000, 0x0000000100000000)
  eden space 373248K, 0% used [0x00000000d5580000,0x00000000d5580000,0x00000000ec200000)
  from space 33280K, 99% used [0x00000000ec200000,0x00000000ee27af00,0x00000000ee280000)
  to   space 43520K, 0% used [0x00000000f3100000,0x00000000f3100000,0x00000000f5b80000)
 ParOldGen       total 216064K, used 91251K [0x0000000080000000, 0x000000008d300000, 0x00000000d5580000)
  object space 216064K, 42% used [0x0000000080000000,0x000000008591cf00,0x000000008d300000)
 Metaspace       used 101406K, capacity 105946K, committed 106152K, reserved 1140736K
  class space    used 13016K, capacity 13912K, committed 13992K, reserved 1048576K
}
Event: 900.752 GC heap before
{Heap before GC invocations=20 (full 4):
 PSYoungGen      total 406528K, used 406507K [0x00000000d5580000, 0x00000000f5b80000, 0x0000000100000000)
  eden space 373248K, 100% used [0x00000000d5580000,0x00000000ec200000,0x00000000ec200000)
  from space 33280K, 99% used [0x00000000ec200000,0x00000000ee27af00,0x00000000ee280000)
  to   space 43520K, 0% used [0x00000000f3100000,0x00000000f3100000,0x00000000f5b80000)
 ParOldGen       total 216064K, used 91251K [0x0000000080000000, 0x000000008d300000, 0x00000000d5580000)
  object space 216064K, 42% used [0x0000000080000000,0x000000008591cf00,0x000000008d300000)
 Metaspace       used 112729K, capacity 118500K, committed 118696K, reserved 1153024K
  class space    used 14608K, capacity 15729K, committed 15784K, reserved 1048576K
Event: 900.848 GC heap after
Heap after GC invocations=20 (full 4):
 PSYoungGen      total 473600K, used 43511K [0x00000000d5580000, 0x00000000f5b80000, 0x0000000100000000)
  eden space 430080K, 0% used [0x00000000d5580000,0x00000000d5580000,0x00000000ef980000)
  from space 43520K, 99% used [0x00000000f3100000,0x00000000f5b7dec0,0x00000000f5b80000)
  to   space 50176K, 0% used [0x00000000ef980000,0x00000000ef980000,0x00000000f2a80000)
 ParOldGen       total 216064K, used 91791K [0x0000000080000000, 0x000000008d300000, 0x00000000d5580000)
  object space 216064K, 42% used [0x0000000080000000,0x00000000859a3fc8,0x000000008d300000)
 Metaspace       used 112729K, capacity 118500K, committed 118696K, reserved 1153024K
  class space    used 14608K, capacity 15729K, committed 15784K, reserved 1048576K
}
Event: 937.137 GC heap before
{Heap before GC invocations=21 (full 4):
 PSYoungGen      total 473600K, used 473591K [0x00000000d5580000, 0x00000000f5b80000, 0x0000000100000000)
  eden space 430080K, 100% used [0x00000000d5580000,0x00000000ef980000,0x00000000ef980000)
  from space 43520K, 99% used [0x00000000f3100000,0x00000000f5b7dec0,0x00000000f5b80000)
  to   space 50176K, 0% used [0x00000000ef980000,0x00000000ef980000,0x00000000f2a80000)
 ParOldGen       total 216064K, used 91791K [0x0000000080000000, 0x000000008d300000, 0x00000000d5580000)
  object space 216064K, 42% used [0x0000000080000000,0x00000000859a3fc8,0x000000008d300000)
 Metaspace       used 131833K, capacity 138810K, committed 139048K, reserved 1169408K
  class space    used 17079K, capacity 18363K, committed 18472K, reserved 1048576K
Event: 937.210 GC heap after
Heap after GC invocations=21 (full 4):
 PSYoungGen      total 480256K, used 32445K [0x00000000d5580000, 0x00000000f8280000, 0x0000000100000000)
  eden space 430080K, 0% used [0x00000000d5580000,0x00000000d5580000,0x00000000ef980000)
  from space 50176K, 64% used [0x00000000ef980000,0x00000000f192f470,0x00000000f2a80000)
  to   space 51712K, 0% used [0x00000000f5000000,0x00000000f5000000,0x00000000f8280000)
 ParOldGen       total 216064K, used 118845K [0x0000000080000000, 0x000000008d300000, 0x00000000d5580000)
  object space 216064K, 55% used [0x0000000080000000,0x000000008740f458,0x000000008d300000)
 Metaspace       used 131833K, capacity 138810K, committed 139048K, reserved 1169408K
  class space    used 17079K, capacity 18363K, committed 18472K, reserved 1048576K
}

