# JRE version: OpenJDK Runtime Environment (8.0_242-b01) (build 1.8.0_242-release-1644-b01)
# Java VM: OpenJDK 64-Bit Server VM (25.242-b01 mixed mode windows-amd64 compressed oops)
Heap:
 PSYoungGen      total 146944K, used 24018K [0x00000000d6780000, 0x00000000e0a00000, 0x0000000100000000)
  eden space 131072K, 6% used [0x00000000d6780000,0x00000000d6f7b3b0,0x00000000de780000)
  from space 15872K, 99% used [0x00000000dfa80000,0x00000000e09f9570,0x00000000e0a00000)
  to   space 5120K, 0% used [0x00000000de780000,0x00000000de780000,0x00000000dec80000)
 ParOldGen       total 115712K, used 30406K [0x0000000083600000, 0x000000008a700000, 0x00000000d6780000)
  object space 115712K, 26% used [0x0000000083600000,0x00000000853b1bc8,0x000000008a700000)
 Metaspace       used 46606K, capacity 47536K, committed 47920K, reserved 1091584K
  class space    used 5865K, capacity 6109K, committed 6192K, reserved 1048576K
GC Heap History (10 events):
Event: 1.051 GC heap before
{Heap before GC invocations=4 (full 1):
 PSYoungGen      total 70656K, used 5101K [0x00000000d6780000, 0x00000000df180000, 0x0000000100000000)
  eden space 65536K, 0% used [0x00000000d6780000,0x00000000d6780000,0x00000000da780000)
  from space 5120K, 99% used [0x00000000da780000,0x00000000dac7b7a8,0x00000000dac80000)
  to   space 5120K, 0% used [0x00000000dec80000,0x00000000dec80000,0x00000000df180000)
 ParOldGen       total 86016K, used 12071K [0x0000000083600000, 0x0000000088a00000, 0x00000000d6780000)
  object space 86016K, 14% used [0x0000000083600000,0x00000000841c9e58,0x0000000088a00000)
 Metaspace       used 20823K, capacity 21244K, committed 21296K, reserved 1069056K
  class space    used 2450K, capacity 2590K, committed 2608K, reserved 1048576K
Event: 1.080 GC heap after
Heap after GC invocations=4 (full 1):
 PSYoungGen      total 70656K, used 0K [0x00000000d6780000, 0x00000000df180000, 0x0000000100000000)
  eden space 65536K, 0% used [0x00000000d6780000,0x00000000d6780000,0x00000000da780000)
  from space 5120K, 0% used [0x00000000da780000,0x00000000da780000,0x00000000dac80000)
  to   space 5120K, 0% used [0x00000000dec80000,0x00000000dec80000,0x00000000df180000)
 ParOldGen       total 66560K, used 9561K [0x0000000083600000, 0x0000000087700000, 0x00000000d6780000)
  object space 66560K, 14% used [0x0000000083600000,0x0000000083f56640,0x0000000087700000)
 Metaspace       used 20823K, capacity 21244K, committed 21296K, reserved 1069056K
  class space    used 2450K, capacity 2590K, committed 2608K, reserved 1048576K
}
Event: 1.805 GC heap before
{Heap before GC invocations=5 (full 1):
 PSYoungGen      total 70656K, used 65536K [0x00000000d6780000, 0x00000000df180000, 0x0000000100000000)
  eden space 65536K, 100% used [0x00000000d6780000,0x00000000da780000,0x00000000da780000)
  from space 5120K, 0% used [0x00000000da780000,0x00000000da780000,0x00000000dac80000)
  to   space 5120K, 0% used [0x00000000dec80000,0x00000000dec80000,0x00000000df180000)
 ParOldGen       total 66560K, used 9561K [0x0000000083600000, 0x0000000087700000, 0x00000000d6780000)
  object space 66560K, 14% used [0x0000000083600000,0x0000000083f56640,0x0000000087700000)
 Metaspace       used 29425K, capacity 29941K, committed 30128K, reserved 1075200K
  class space    used 3564K, capacity 3706K, committed 3760K, reserved 1048576K
Event: 1.817 GC heap after
Heap after GC invocations=5 (full 1):
 PSYoungGen      total 98816K, used 5091K [0x00000000d6780000, 0x00000000df180000, 0x0000000100000000)
  eden space 93696K, 0% used [0x00000000d6780000,0x00000000d6780000,0x00000000dc300000)
  from space 5120K, 99% used [0x00000000dec80000,0x00000000df178c70,0x00000000df180000)
  to   space 5120K, 0% used [0x00000000de780000,0x00000000de780000,0x00000000dec80000)
 ParOldGen       total 66560K, used 20102K [0x0000000083600000, 0x0000000087700000, 0x00000000d6780000)
  object space 66560K, 30% used [0x0000000083600000,0x00000000849a1b38,0x0000000087700000)
 Metaspace       used 29425K, capacity 29941K, committed 30128K, reserved 1075200K
  class space    used 3564K, capacity 3706K, committed 3760K, reserved 1048576K
}
Event: 2.154 GC heap before
{Heap before GC invocations=6 (full 1):
 PSYoungGen      total 98816K, used 33402K [0x00000000d6780000, 0x00000000df180000, 0x0000000100000000)
  eden space 93696K, 30% used [0x00000000d6780000,0x00000000d8325d18,0x00000000dc300000)
  from space 5120K, 99% used [0x00000000dec80000,0x00000000df178c70,0x00000000df180000)
  to   space 5120K, 0% used [0x00000000de780000,0x00000000de780000,0x00000000dec80000)
 ParOldGen       total 66560K, used 20102K [0x0000000083600000, 0x0000000087700000, 0x00000000d6780000)
  object space 66560K, 30% used [0x0000000083600000,0x00000000849a1b38,0x0000000087700000)
 Metaspace       used 34639K, capacity 35136K, committed 35496K, reserved 1081344K
  class space    used 4426K, capacity 4579K, committed 4656K, reserved 1048576K
Event: 2.162 GC heap after
Heap after GC invocations=6 (full 1):
 PSYoungGen      total 136192K, used 5091K [0x00000000d6780000, 0x00000000e0a00000, 0x0000000100000000)
  eden space 131072K, 0% used [0x00000000d6780000,0x00000000d6780000,0x00000000de780000)
  from space 5120K, 99% used [0x00000000de780000,0x00000000dec78c70,0x00000000dec80000)
  to   space 15872K, 0% used [0x00000000dfa80000,0x00000000dfa80000,0x00000000e0a00000)
 ParOldGen       total 66560K, used 27009K [0x0000000083600000, 0x0000000087700000, 0x00000000d6780000)
  object space 66560K, 40% used [0x0000000083600000,0x0000000085060478,0x0000000087700000)
 Metaspace       used 34639K, capacity 35136K, committed 35496K, reserved 1081344K
  class space    used 4426K, capacity 4579K, committed 4656K, reserved 1048576K
}
Event: 2.162 GC heap before
{Heap before GC invocations=7 (full 2):
 PSYoungGen      total 136192K, used 5091K [0x00000000d6780000, 0x00000000e0a00000, 0x0000000100000000)
  eden space 131072K, 0% used [0x00000000d6780000,0x00000000d6780000,0x00000000de780000)
  from space 5120K, 99% used [0x00000000de780000,0x00000000dec78c70,0x00000000dec80000)
  to   space 15872K, 0% used [0x00000000dfa80000,0x00000000dfa80000,0x00000000e0a00000)
 ParOldGen       total 66560K, used 27009K [0x0000000083600000, 0x0000000087700000, 0x00000000d6780000)
  object space 66560K, 40% used [0x0000000083600000,0x0000000085060478,0x0000000087700000)
 Metaspace       used 34639K, capacity 35136K, committed 35496K, reserved 1081344K
  class space    used 4426K, capacity 4579K, committed 4656K, reserved 1048576K
Event: 2.225 GC heap after
Heap after GC invocations=7 (full 2):
 PSYoungGen      total 136192K, used 0K [0x00000000d6780000, 0x00000000e0a00000, 0x0000000100000000)
  eden space 131072K, 0% used [0x00000000d6780000,0x00000000d6780000,0x00000000de780000)
  from space 5120K, 0% used [0x00000000de780000,0x00000000de780000,0x00000000dec80000)
  to   space 15872K, 0% used [0x00000000dfa80000,0x00000000dfa80000,0x00000000e0a00000)
 ParOldGen       total 115712K, used 19726K [0x0000000083600000, 0x000000008a700000, 0x00000000d6780000)
  object space 115712K, 17% used [0x0000000083600000,0x0000000084943870,0x000000008a700000)
 Metaspace       used 34639K, capacity 35136K, committed 35496K, reserved 1081344K
  class space    used 4426K, capacity 4579K, committed 4656K, reserved 1048576K
}
Event: 3.788 GC heap before
{Heap before GC invocations=8 (full 2):
 PSYoungGen      total 136192K, used 131072K [0x00000000d6780000, 0x00000000e0a00000, 0x0000000100000000)
  eden space 131072K, 100% used [0x00000000d6780000,0x00000000de780000,0x00000000de780000)
  from space 5120K, 0% used [0x00000000de780000,0x00000000de780000,0x00000000dec80000)
  to   space 15872K, 0% used [0x00000000dfa80000,0x00000000dfa80000,0x00000000e0a00000)
 ParOldGen       total 115712K, used 19726K [0x0000000083600000, 0x000000008a700000, 0x00000000d6780000)
  object space 115712K, 17% used [0x0000000083600000,0x0000000084943870,0x000000008a700000)
 Metaspace       used 46254K, capacity 47152K, committed 47536K, reserved 1091584K
  class space    used 5816K, capacity 6045K, committed 6064K, reserved 1048576K
Event: 3.807 GC heap after
Heap after GC invocations=8 (full 2):
 PSYoungGen      total 146944K, used 15845K [0x00000000d6780000, 0x00000000e0a00000, 0x0000000100000000)
  eden space 131072K, 0% used [0x00000000d6780000,0x00000000d6780000,0x00000000de780000)
  from space 15872K, 99% used [0x00000000dfa80000,0x00000000e09f9570,0x00000000e0a00000)
  to   space 5120K, 0% used [0x00000000de780000,0x00000000de780000,0x00000000dec80000)
 ParOldGen       total 115712K, used 30406K [0x0000000083600000, 0x000000008a700000, 0x00000000d6780000)
  object space 115712K, 26% used [0x0000000083600000,0x00000000853b1bc8,0x000000008a700000)
 Metaspace       used 46254K, capacity 47152K, committed 47536K, reserved 1091584K
  class space    used 5816K, capacity 6045K, committed 6064K, reserved 1048576K
}

