# JRE version: OpenJDK Runtime Environment (8.0_242-b01) (build 1.8.0_242-release-1644-b01)
# Java VM: OpenJDK 64-Bit Server VM (25.242-b01 mixed mode windows-amd64 compressed oops)
Heap:
 PSYoungGen      total 621568K, used 446362K [0x00000000d5580000, 0x0000000100000000, 0x0000000100000000)
  eden space 580096K, 69% used [0x00000000d5580000,0x00000000ee0edbd8,0x00000000f8c00000)
  from space 41472K, 99% used [0x00000000fd780000,0x00000000ffff8c38,0x0000000100000000)
  to   space 59392K, 0% used [0x00000000f8c00000,0x00000000f8c00000,0x00000000fc600000)
 ParOldGen       total 227840K, used 166372K [0x0000000080000000, 0x000000008de80000, 0x00000000d5580000)
  object space 227840K, 73% used [0x0000000080000000,0x000000008a2792f8,0x000000008de80000)
 Metaspace       used 113735K, capacity 119366K, committed 119628K, reserved 1153024K
  class space    used 14658K, capacity 15698K, committed 15732K, reserved 1048576K
GC Heap History (10 events):
Event: 70.221 GC heap before
{Heap before GC invocations=29 (full 5):
 PSYoungGen      total 654336K, used 619026K [0x00000000d5580000, 0x00000000fff00000, 0x0000000100000000)
  eden space 611840K, 100% used [0x00000000d5580000,0x00000000fab00000,0x00000000fab00000)
  from space 42496K, 16% used [0x00000000fab00000,0x00000000fb2049a0,0x00000000fd480000)
  to   space 41472K, 0% used [0x00000000fd680000,0x00000000fd680000,0x00000000fff00000)
 ParOldGen       total 227840K, used 134214K [0x0000000080000000, 0x000000008de80000, 0x00000000d5580000)
  object space 227840K, 58% used [0x0000000080000000,0x0000000088311bb0,0x000000008de80000)
 Metaspace       used 95418K, capacity 99610K, committed 99916K, reserved 1136640K
  class space    used 12519K, capacity 13310K, committed 13428K, reserved 1048576K
Event: 70.239 GC heap after
Heap after GC invocations=29 (full 5):
 PSYoungGen      total 653312K, used 10679K [0x00000000d5580000, 0x00000000ffc00000, 0x0000000100000000)
  eden space 614912K, 0% used [0x00000000d5580000,0x00000000d5580000,0x00000000fae00000)
  from space 38400K, 27% used [0x00000000fd680000,0x00000000fe0edf90,0x00000000ffc00000)
  to   space 39936K, 0% used [0x00000000fae00000,0x00000000fae00000,0x00000000fd500000)
 ParOldGen       total 227840K, used 134214K [0x0000000080000000, 0x000000008de80000, 0x00000000d5580000)
  object space 227840K, 58% used [0x0000000080000000,0x0000000088311bb0,0x000000008de80000)
 Metaspace       used 95418K, capacity 99610K, committed 99916K, reserved 1136640K
  class space    used 12519K, capacity 13310K, committed 13428K, reserved 1048576K
}
Event: 72.204 GC heap before
{Heap before GC invocations=30 (full 5):
 PSYoungGen      total 653312K, used 625591K [0x00000000d5580000, 0x00000000ffc00000, 0x0000000100000000)
  eden space 614912K, 100% used [0x00000000d5580000,0x00000000fae00000,0x00000000fae00000)
  from space 38400K, 27% used [0x00000000fd680000,0x00000000fe0edf90,0x00000000ffc00000)
  to   space 39936K, 0% used [0x00000000fae00000,0x00000000fae00000,0x00000000fd500000)
 ParOldGen       total 227840K, used 134214K [0x0000000080000000, 0x000000008de80000, 0x00000000d5580000)
  object space 227840K, 58% used [0x0000000080000000,0x0000000088311bb0,0x000000008de80000)
 Metaspace       used 95443K, capacity 99610K, committed 99916K, reserved 1136640K
  class space    used 12519K, capacity 13310K, committed 13428K, reserved 1048576K
Event: 72.256 GC heap after
Heap after GC invocations=30 (full 5):
 PSYoungGen      total 654848K, used 16519K [0x00000000d5580000, 0x00000000ffd80000, 0x0000000100000000)
  eden space 614912K, 0% used [0x00000000d5580000,0x00000000d5580000,0x00000000fae00000)
  from space 39936K, 41% used [0x00000000fae00000,0x00000000fbe21c30,0x00000000fd500000)
  to   space 37888K, 0% used [0x00000000fd880000,0x00000000fd880000,0x00000000ffd80000)
 ParOldGen       total 227840K, used 134214K [0x0000000080000000, 0x000000008de80000, 0x00000000d5580000)
  object space 227840K, 58% used [0x0000000080000000,0x0000000088311bb0,0x000000008de80000)
 Metaspace       used 95443K, capacity 99610K, committed 99916K, reserved 1136640K
  class space    used 12519K, capacity 13310K, committed 13428K, reserved 1048576K
}
Event: 74.036 GC heap before
{Heap before GC invocations=31 (full 5):
 PSYoungGen      total 654848K, used 631431K [0x00000000d5580000, 0x00000000ffd80000, 0x0000000100000000)
  eden space 614912K, 100% used [0x00000000d5580000,0x00000000fae00000,0x00000000fae00000)
  from space 39936K, 41% used [0x00000000fae00000,0x00000000fbe21c30,0x00000000fd500000)
  to   space 37888K, 0% used [0x00000000fd880000,0x00000000fd880000,0x00000000ffd80000)
 ParOldGen       total 227840K, used 134214K [0x0000000080000000, 0x000000008de80000, 0x00000000d5580000)
  object space 227840K, 58% used [0x0000000080000000,0x0000000088311bb0,0x000000008de80000)
 Metaspace       used 95514K, capacity 99674K, committed 99916K, reserved 1136640K
  class space    used 12519K, capacity 13310K, committed 13428K, reserved 1048576K
Event: 74.054 GC heap after
Heap after GC invocations=31 (full 5):
 PSYoungGen      total 656384K, used 16943K [0x00000000d5580000, 0x00000000ffb00000, 0x0000000100000000)
  eden space 621056K, 0% used [0x00000000d5580000,0x00000000d5580000,0x00000000fb400000)
  from space 35328K, 47% used [0x00000000fd880000,0x00000000fe90be08,0x00000000ffb00000)
  to   space 36352K, 0% used [0x00000000fb400000,0x00000000fb400000,0x00000000fd780000)
 ParOldGen       total 227840K, used 134222K [0x0000000080000000, 0x000000008de80000, 0x00000000d5580000)
  object space 227840K, 58% used [0x0000000080000000,0x0000000088313bb0,0x000000008de80000)
 Metaspace       used 95514K, capacity 99674K, committed 99916K, reserved 1136640K
  class space    used 12519K, capacity 13310K, committed 13428K, reserved 1048576K
}
Event: 78.052 GC heap before
{Heap before GC invocations=32 (full 5):
 PSYoungGen      total 656384K, used 637999K [0x00000000d5580000, 0x00000000ffb00000, 0x0000000100000000)
  eden space 621056K, 100% used [0x00000000d5580000,0x00000000fb400000,0x00000000fb400000)
  from space 35328K, 47% used [0x00000000fd880000,0x00000000fe90be08,0x00000000ffb00000)
  to   space 36352K, 0% used [0x00000000fb400000,0x00000000fb400000,0x00000000fd780000)
 ParOldGen       total 227840K, used 134222K [0x0000000080000000, 0x000000008de80000, 0x00000000d5580000)
  object space 227840K, 58% used [0x0000000080000000,0x0000000088313bb0,0x000000008de80000)
 Metaspace       used 96214K, capacity 100444K, committed 100812K, reserved 1136640K
  class space    used 12583K, capacity 13373K, committed 13556K, reserved 1048576K
Event: 78.106 GC heap after
Heap after GC invocations=32 (full 5):
 PSYoungGen      total 657408K, used 36320K [0x00000000d5580000, 0x0000000100000000, 0x0000000100000000)
  eden space 621056K, 0% used [0x00000000d5580000,0x00000000d5580000,0x00000000fb400000)
  from space 36352K, 99% used [0x00000000fb400000,0x00000000fd778268,0x00000000fd780000)
  to   space 41472K, 0% used [0x00000000fd780000,0x00000000fd780000,0x0000000100000000)
 ParOldGen       total 227840K, used 145620K [0x0000000080000000, 0x000000008de80000, 0x00000000d5580000)
  object space 227840K, 63% used [0x0000000080000000,0x0000000088e35100,0x000000008de80000)
 Metaspace       used 96214K, capacity 100444K, committed 100812K, reserved 1136640K
  class space    used 12583K, capacity 13373K, committed 13556K, reserved 1048576K
}
Event: 718.358 GC heap before
{Heap before GC invocations=33 (full 5):
 PSYoungGen      total 657408K, used 657376K [0x00000000d5580000, 0x0000000100000000, 0x0000000100000000)
  eden space 621056K, 100% used [0x00000000d5580000,0x00000000fb400000,0x00000000fb400000)
  from space 36352K, 99% used [0x00000000fb400000,0x00000000fd778268,0x00000000fd780000)
  to   space 41472K, 0% used [0x00000000fd780000,0x00000000fd780000,0x0000000100000000)
 ParOldGen       total 227840K, used 145620K [0x0000000080000000, 0x000000008de80000, 0x00000000d5580000)
  object space 227840K, 63% used [0x0000000080000000,0x0000000088e35100,0x000000008de80000)
 Metaspace       used 104196K, capacity 108964K, committed 109132K, reserved 1144832K
  class space    used 13464K, capacity 14409K, committed 14452K, reserved 1048576K
Event: 718.432 GC heap after
Heap after GC invocations=33 (full 5):
 PSYoungGen      total 621568K, used 41443K [0x00000000d5580000, 0x0000000100000000, 0x0000000100000000)
  eden space 580096K, 0% used [0x00000000d5580000,0x00000000d5580000,0x00000000f8c00000)
  from space 41472K, 99% used [0x00000000fd780000,0x00000000ffff8c38,0x0000000100000000)
  to   space 59392K, 0% used [0x00000000f8c00000,0x00000000f8c00000,0x00000000fc600000)
 ParOldGen       total 227840K, used 166372K [0x0000000080000000, 0x000000008de80000, 0x00000000d5580000)
  object space 227840K, 73% used [0x0000000080000000,0x000000008a2792f8,0x000000008de80000)
 Metaspace       used 104196K, capacity 108964K, committed 109132K, reserved 1144832K
  class space    used 13464K, capacity 14409K, committed 14452K, reserved 1048576K
}

